This is pdfTeX, Version 3.1415926-1.40.10 (TeX Live 2009/Debian) (format=pdflatex 2012.9.11)  20 SEP 2012 17:58
entering extended mode
 %&-line parsing enabled.
**rapport.tex
(./rapport.tex
LaTeX2e <2009/09/24>
Babel <v3.8l> and hyphenation patterns for english, usenglishmax, dumylang, noh
yphenation, loaded.
(/usr/share/texmf-texlive/tex/latex/base/report.cls
Document Class: report 2007/10/19 v1.4h Standard LaTeX document class
(/usr/share/texmf-texlive/tex/latex/base/size12.clo
File: size12.clo 2007/10/19 v1.4h Standard LaTeX file (size option)
)
\c@part=\count79
\c@chapter=\count80
\c@section=\count81
\c@subsection=\count82
\c@subsubsection=\count83
\c@paragraph=\count84
\c@subparagraph=\count85
\c@figure=\count86
\c@table=\count87
\abovecaptionskip=\skip41
\belowcaptionskip=\skip42
\bibindent=\dimen102
)
(/usr/share/texmf-texlive/tex/latex/base/inputenc.sty
Package: inputenc 2008/03/30 v1.1d Input encoding file
\inpenc@prehook=\toks14
\inpenc@posthook=\toks15

(/usr/share/texmf-texlive/tex/latex/base/utf8.def
File: utf8.def 2008/04/05 v1.1m UTF-8 support for inputenc
Now handling font encoding OML ...
... no UTF-8 mapping file for font encoding OML
Now handling font encoding T1 ...
... processing UTF-8 mapping file for font encoding T1

(/usr/share/texmf-texlive/tex/latex/base/t1enc.dfu
File: t1enc.dfu 2008/04/05 v1.1m UTF-8 support for inputenc
   defining Unicode char U+00A1 (decimal 161)
   defining Unicode char U+00A3 (decimal 163)
   defining Unicode char U+00AB (decimal 171)
   defining Unicode char U+00BB (decimal 187)
   defining Unicode char U+00BF (decimal 191)
   defining Unicode char U+00C0 (decimal 192)
   defining Unicode char U+00C1 (decimal 193)
   defining Unicode char U+00C2 (decimal 194)
   defining Unicode char U+00C3 (decimal 195)
   defining Unicode char U+00C4 (decimal 196)
   defining Unicode char U+00C5 (decimal 197)
   defining Unicode char U+00C6 (decimal 198)
   defining Unicode char U+00C7 (decimal 199)
   defining Unicode char U+00C8 (decimal 200)
   defining Unicode char U+00C9 (decimal 201)
   defining Unicode char U+00CA (decimal 202)
   defining Unicode char U+00CB (decimal 203)
   defining Unicode char U+00CC (decimal 204)
   defining Unicode char U+00CD (decimal 205)
   defining Unicode char U+00CE (decimal 206)
   defining Unicode char U+00CF (decimal 207)
   defining Unicode char U+00D0 (decimal 208)
   defining Unicode char U+00D1 (decimal 209)
   defining Unicode char U+00D2 (decimal 210)
   defining Unicode char U+00D3 (decimal 211)
   defining Unicode char U+00D4 (decimal 212)
   defining Unicode char U+00D5 (decimal 213)
   defining Unicode char U+00D6 (decimal 214)
   defining Unicode char U+00D8 (decimal 216)
   defining Unicode char U+00D9 (decimal 217)
   defining Unicode char U+00DA (decimal 218)
   defining Unicode char U+00DB (decimal 219)
   defining Unicode char U+00DC (decimal 220)
   defining Unicode char U+00DD (decimal 221)
   defining Unicode char U+00DE (decimal 222)
   defining Unicode char U+00DF (decimal 223)
   defining Unicode char U+00E0 (decimal 224)
   defining Unicode char U+00E1 (decimal 225)
   defining Unicode char U+00E2 (decimal 226)
   defining Unicode char U+00E3 (decimal 227)
   defining Unicode char U+00E4 (decimal 228)
   defining Unicode char U+00E5 (decimal 229)
   defining Unicode char U+00E6 (decimal 230)
   defining Unicode char U+00E7 (decimal 231)
   defining Unicode char U+00E8 (decimal 232)
   defining Unicode char U+00E9 (decimal 233)
   defining Unicode char U+00EA (decimal 234)
   defining Unicode char U+00EB (decimal 235)
   defining Unicode char U+00EC (decimal 236)
   defining Unicode char U+00ED (decimal 237)
   defining Unicode char U+00EE (decimal 238)
   defining Unicode char U+00EF (decimal 239)
   defining Unicode char U+00F0 (decimal 240)
   defining Unicode char U+00F1 (decimal 241)
   defining Unicode char U+00F2 (decimal 242)
   defining Unicode char U+00F3 (decimal 243)
   defining Unicode char U+00F4 (decimal 244)
   defining Unicode char U+00F5 (decimal 245)
   defining Unicode char U+00F6 (decimal 246)
   defining Unicode char U+00F8 (decimal 248)
   defining Unicode char U+00F9 (decimal 249)
   defining Unicode char U+00FA (decimal 250)
   defining Unicode char U+00FB (decimal 251)
   defining Unicode char U+00FC (decimal 252)
   defining Unicode char U+00FD (decimal 253)
   defining Unicode char U+00FE (decimal 254)
   defining Unicode char U+00FF (decimal 255)
   defining Unicode char U+0102 (decimal 258)
   defining Unicode char U+0103 (decimal 259)
   defining Unicode char U+0104 (decimal 260)
   defining Unicode char U+0105 (decimal 261)
   defining Unicode char U+0106 (decimal 262)
   defining Unicode char U+0107 (decimal 263)
   defining Unicode char U+010C (decimal 268)
   defining Unicode char U+010D (decimal 269)
   defining Unicode char U+010E (decimal 270)
   defining Unicode char U+010F (decimal 271)
   defining Unicode char U+0110 (decimal 272)
   defining Unicode char U+0111 (decimal 273)
   defining Unicode char U+0118 (decimal 280)
   defining Unicode char U+0119 (decimal 281)
   defining Unicode char U+011A (decimal 282)
   defining Unicode char U+011B (decimal 283)
   defining Unicode char U+011E (decimal 286)
   defining Unicode char U+011F (decimal 287)
   defining Unicode char U+0130 (decimal 304)
   defining Unicode char U+0131 (decimal 305)
   defining Unicode char U+0132 (decimal 306)
   defining Unicode char U+0133 (decimal 307)
   defining Unicode char U+0139 (decimal 313)
   defining Unicode char U+013A (decimal 314)
   defining Unicode char U+013D (decimal 317)
   defining Unicode char U+013E (decimal 318)
   defining Unicode char U+0141 (decimal 321)
   defining Unicode char U+0142 (decimal 322)
   defining Unicode char U+0143 (decimal 323)
   defining Unicode char U+0144 (decimal 324)
   defining Unicode char U+0147 (decimal 327)
   defining Unicode char U+0148 (decimal 328)
   defining Unicode char U+014A (decimal 330)
   defining Unicode char U+014B (decimal 331)
   defining Unicode char U+0150 (decimal 336)
   defining Unicode char U+0151 (decimal 337)
   defining Unicode char U+0152 (decimal 338)
   defining Unicode char U+0153 (decimal 339)
   defining Unicode char U+0154 (decimal 340)
   defining Unicode char U+0155 (decimal 341)
   defining Unicode char U+0158 (decimal 344)
   defining Unicode char U+0159 (decimal 345)
   defining Unicode char U+015A (decimal 346)
   defining Unicode char U+015B (decimal 347)
   defining Unicode char U+015E (decimal 350)
   defining Unicode char U+015F (decimal 351)
   defining Unicode char U+0160 (decimal 352)
   defining Unicode char U+0161 (decimal 353)
   defining Unicode char U+0162 (decimal 354)
   defining Unicode char U+0163 (decimal 355)
   defining Unicode char U+0164 (decimal 356)
   defining Unicode char U+0165 (decimal 357)
   defining Unicode char U+016E (decimal 366)
   defining Unicode char U+016F (decimal 367)
   defining Unicode char U+0170 (decimal 368)
   defining Unicode char U+0171 (decimal 369)
   defining Unicode char U+0178 (decimal 376)
   defining Unicode char U+0179 (decimal 377)
   defining Unicode char U+017A (decimal 378)
   defining Unicode char U+017B (decimal 379)
   defining Unicode char U+017C (decimal 380)
   defining Unicode char U+017D (decimal 381)
   defining Unicode char U+017E (decimal 382)
   defining Unicode char U+200C (decimal 8204)
   defining Unicode char U+2013 (decimal 8211)
   defining Unicode char U+2014 (decimal 8212)
   defining Unicode char U+2018 (decimal 8216)
   defining Unicode char U+2019 (decimal 8217)
   defining Unicode char U+201A (decimal 8218)
   defining Unicode char U+201C (decimal 8220)
   defining Unicode char U+201D (decimal 8221)
   defining Unicode char U+201E (decimal 8222)
   defining Unicode char U+2030 (decimal 8240)
   defining Unicode char U+2031 (decimal 8241)
   defining Unicode char U+2039 (decimal 8249)
   defining Unicode char U+203A (decimal 8250)
   defining Unicode char U+2423 (decimal 9251)
)
Now handling font encoding OT1 ...
... processing UTF-8 mapping file for font encoding OT1

(/usr/share/texmf-texlive/tex/latex/base/ot1enc.dfu
File: ot1enc.dfu 2008/04/05 v1.1m UTF-8 support for inputenc
   defining Unicode char U+00A1 (decimal 161)
   defining Unicode char U+00A3 (decimal 163)
   defining Unicode char U+00B8 (decimal 184)
   defining Unicode char U+00BF (decimal 191)
   defining Unicode char U+00C5 (decimal 197)
   defining Unicode char U+00C6 (decimal 198)
   defining Unicode char U+00D8 (decimal 216)
   defining Unicode char U+00DF (decimal 223)
   defining Unicode char U+00E6 (decimal 230)
   defining Unicode char U+00EC (decimal 236)
   defining Unicode char U+00ED (decimal 237)
   defining Unicode char U+00EE (decimal 238)
   defining Unicode char U+00EF (decimal 239)
   defining Unicode char U+00F8 (decimal 248)
   defining Unicode char U+0131 (decimal 305)
   defining Unicode char U+0141 (decimal 321)
   defining Unicode char U+0142 (decimal 322)
   defining Unicode char U+0152 (decimal 338)
   defining Unicode char U+0153 (decimal 339)
   defining Unicode char U+2013 (decimal 8211)
   defining Unicode char U+2014 (decimal 8212)
   defining Unicode char U+2018 (decimal 8216)
   defining Unicode char U+2019 (decimal 8217)
   defining Unicode char U+201C (decimal 8220)
   defining Unicode char U+201D (decimal 8221)
)
Now handling font encoding OMS ...
... processing UTF-8 mapping file for font encoding OMS

(/usr/share/texmf-texlive/tex/latex/base/omsenc.dfu
File: omsenc.dfu 2008/04/05 v1.1m UTF-8 support for inputenc
   defining Unicode char U+00A7 (decimal 167)
   defining Unicode char U+00B6 (decimal 182)
   defining Unicode char U+00B7 (decimal 183)
   defining Unicode char U+2020 (decimal 8224)
   defining Unicode char U+2021 (decimal 8225)
   defining Unicode char U+2022 (decimal 8226)
)
Now handling font encoding OMX ...
... no UTF-8 mapping file for font encoding OMX
Now handling font encoding U ...
... no UTF-8 mapping file for font encoding U
   defining Unicode char U+00A9 (decimal 169)
   defining Unicode char U+00AA (decimal 170)
   defining Unicode char U+00AE (decimal 174)
   defining Unicode char U+00BA (decimal 186)
   defining Unicode char U+02C6 (decimal 710)
   defining Unicode char U+02DC (decimal 732)
   defining Unicode char U+200C (decimal 8204)
   defining Unicode char U+2026 (decimal 8230)
   defining Unicode char U+2122 (decimal 8482)
   defining Unicode char U+2423 (decimal 9251)
))
(/usr/share/texmf-texlive/tex/generic/babel/babel.sty
Package: babel 2008/07/06 v3.8l The Babel package

(/usr/share/texmf-texlive/tex/generic/babel/frenchb.ldf
Language: frenchb 2009/03/16 v2.3d French support from the babel system

(/usr/share/texmf-texlive/tex/generic/babel/babel.def
File: babel.def 2008/07/06 v3.8l Babel common definitions
\babel@savecnt=\count88
\U@D=\dimen103
)

Package babel Warning: No hyphenation patterns were loaded for
(babel)                the language `French'
(babel)                I will use the patterns loaded for \language=0 instead.

\l@french = a dialect from \language0
Package babel Info: Making : an active character on input line 120.
Package babel Info: Making ; an active character on input line 121.
Package babel Info: Making ! an active character on input line 122.
Package babel Info: Making ? an active character on input line 123.
\FB@Mht=\dimen104
\std@mcc=\count89
\dec@mcc=\count90
\parindentFFN=\dimen105
*************************************
* Local config file frenchb.cfg used
*
(/usr/share/texmf-texlive/tex/generic/babel/frenchb.cfg)))
(/usr/share/texmf-texlive/tex/latex/carlisle/scalefnt.sty)
(/usr/share/texmf-texlive/tex/latex/graphics/keyval.sty
Package: keyval 1999/03/16 v1.13 key=value parser (DPC)
\KV@toks@=\toks16
)
(/usr/share/texmf-texlive/tex/latex/base/fontenc.sty
Package: fontenc 2005/09/27 v1.99g Standard LaTeX package

(/usr/share/texmf-texlive/tex/latex/base/t1enc.def
File: t1enc.def 2005/09/27 v1.99g Standard LaTeX file
LaTeX Font Info:    Redeclaring font encoding T1 on input line 43.
))
(/usr/share/texmf-texlive/tex/latex/graphics/graphicx.sty
Package: graphicx 1999/02/16 v1.0f Enhanced LaTeX Graphics (DPC,SPQR)

(/usr/share/texmf-texlive/tex/latex/graphics/graphics.sty
Package: graphics 2009/02/05 v1.0o Standard LaTeX Graphics (DPC,SPQR)

(/usr/share/texmf-texlive/tex/latex/graphics/trig.sty
Package: trig 1999/03/16 v1.09 sin cos tan (DPC)
)
(/etc/texmf/tex/latex/config/graphics.cfg
File: graphics.cfg 2009/08/28 v1.8 graphics configuration of TeX Live
)
Package graphics Info: Driver file: pdftex.def on input line 91.

(/usr/share/texmf-texlive/tex/latex/pdftex-def/pdftex.def
File: pdftex.def 2009/08/25 v0.04m Graphics/color for pdfTeX
\Gread@gobject=\count91
))
\Gin@req@height=\dimen106
\Gin@req@width=\dimen107
)
(/usr/share/texmf-texlive/tex/latex/graphics/color.sty
Package: color 2005/11/14 v1.0j Standard LaTeX Color (DPC)

(/etc/texmf/tex/latex/config/color.cfg
File: color.cfg 2007/01/18 v1.5 color configuration of teTeX/TeXLive
)
Package color Info: Driver file: pdftex.def on input line 130.
)
(/usr/share/texmf-texlive/tex/latex/ltxmisc/url.sty
\Urlmuskip=\muskip10
Package: url 2006/04/12  ver 3.3  Verb mode for urls, etc.
)
(/usr/share/texmf-texlive/tex/latex/pdfpages/pdfpages.sty
Package: pdfpages 2009/02/07 v0.4g Insert pages of external PDF documents (AM)

(/usr/share/texmf-texlive/tex/latex/base/ifthen.sty
Package: ifthen 2001/05/26 v1.1c Standard LaTeX ifthen package (DPC)
)
(/usr/share/texmf-texlive/tex/latex/tools/calc.sty
Package: calc 2007/08/22 v4.3 Infix arithmetic (KKT,FJ)
\calc@Acount=\count92
\calc@Bcount=\count93
\calc@Adimen=\dimen108
\calc@Bdimen=\dimen109
\calc@Askip=\skip43
\calc@Bskip=\skip44
LaTeX Info: Redefining \setlength on input line 76.
LaTeX Info: Redefining \addtolength on input line 77.
\calc@Ccount=\count94
\calc@Cskip=\skip45
)
(/usr/share/texmf-texlive/tex/latex/eso-pic/eso-pic.sty
Package: eso-pic 2006/07/14 v1.1d eso-pic (RN)

(/usr/share/texmf-texlive/tex/latex/ms/everyshi.sty
Package: everyshi 2001/05/15 v3.00 EveryShipout Package (MS)
))
(/usr/share/texmf-texlive/tex/latex/pdfpages/pppdftex.def
File: pppdftex.def 2009/02/07 v0.4g Pdfpages driver for pdfTeX (AM)
)
\AM@pagebox=\box26
\AM@toc@title=\toks17
\c@AM@survey=\count95
\AM@templatesizebox=\box27
)
(/usr/share/texmf-texlive/tex/latex/amsmath/amsmath.sty
Package: amsmath 2000/07/18 v2.13 AMS math features
\@mathmargin=\skip46

For additional information on amsmath, use the `?' option.
(/usr/share/texmf-texlive/tex/latex/amsmath/amstext.sty
Package: amstext 2000/06/29 v2.01

(/usr/share/texmf-texlive/tex/latex/amsmath/amsgen.sty
File: amsgen.sty 1999/11/30 v2.0
\@emptytoks=\toks18
\ex@=\dimen110
))
(/usr/share/texmf-texlive/tex/latex/amsmath/amsbsy.sty
Package: amsbsy 1999/11/29 v1.2d
\pmbraise@=\dimen111
)
(/usr/share/texmf-texlive/tex/latex/amsmath/amsopn.sty
Package: amsopn 1999/12/14 v2.01 operator names
)
\inf@bad=\count96
LaTeX Info: Redefining \frac on input line 211.
\uproot@=\count97
\leftroot@=\count98
LaTeX Info: Redefining \overline on input line 307.
\classnum@=\count99
\DOTSCASE@=\count100
LaTeX Info: Redefining \ldots on input line 379.
LaTeX Info: Redefining \dots on input line 382.
LaTeX Info: Redefining \cdots on input line 467.
\Mathstrutbox@=\box28
\strutbox@=\box29
\big@size=\dimen112
LaTeX Font Info:    Redeclaring font encoding OML on input line 567.
LaTeX Font Info:    Redeclaring font encoding OMS on input line 568.
\macc@depth=\count101
\c@MaxMatrixCols=\count102
\dotsspace@=\muskip11
\c@parentequation=\count103
\dspbrk@lvl=\count104
\tag@help=\toks19
\row@=\count105
\column@=\count106
\maxfields@=\count107
\andhelp@=\toks20
\eqnshift@=\dimen113
\alignsep@=\dimen114
\tagshift@=\dimen115
\tagwidth@=\dimen116
\totwidth@=\dimen117
\lineht@=\dimen118
\@envbody=\toks21
\multlinegap=\skip47
\multlinetaggap=\skip48
\mathdisplay@stack=\toks22
LaTeX Info: Redefining \[ on input line 2666.
LaTeX Info: Redefining \] on input line 2667.
)
(/usr/share/texmf-texlive/tex/latex/amsfonts/amsfonts.sty
Package: amsfonts 2009/06/22 v3.00 Basic AMSFonts support
\symAMSa=\mathgroup4
\symAMSb=\mathgroup5
LaTeX Font Info:    Overwriting math alphabet `\mathfrak' in version `bold'
(Font)                  U/euf/m/n --> U/euf/b/n on input line 96.
)
(/usr/share/texmf-texlive/tex/latex/amsfonts/amssymb.sty
Package: amssymb 2009/06/22 v3.00
)
(/usr/share/texmf-texlive/tex/latex/caption/caption.sty
Package: caption 2009/10/09 v3.1k Customizing captions (AR)

(/usr/share/texmf-texlive/tex/latex/caption/caption3.sty
Package: caption3 2009/10/09 v3.1k caption3 kernel (AR)
\captionmargin=\dimen119
\captionmargin@=\dimen120
\captionwidth=\dimen121
\caption@indent=\dimen122
\caption@parindent=\dimen123
\caption@hangindent=\dimen124
)
\c@ContinuedFloat=\count108
) (./wrapfig.sty
\wrapoverhang=\dimen125
\WF@size=\dimen126
\c@WF@wrappedlines=\count109
\WF@box=\box30
\WF@everypar=\toks23
Package: wrapfig 2003/01/31  v 3.6
)
(/usr/share/texmf-texlive/tex/latex/geometry/geometry.sty
Package: geometry 2008/12/21 v4.2 Page Geometry

(/usr/share/texmf-texlive/tex/generic/oberdiek/ifpdf.sty
Package: ifpdf 2009/04/10 v2.0 Provides the ifpdf switch (HO)
Package ifpdf Info: pdfTeX in pdf mode detected.
)
(/usr/share/texmf-texlive/tex/generic/oberdiek/ifvtex.sty
Package: ifvtex 2008/11/04 v1.4 Switches for detecting VTeX and its modes (HO)
Package ifvtex Info: VTeX not detected.
)
\Gm@cnth=\count110
\Gm@cntv=\count111
\c@Gm@tempcnt=\count112
\Gm@bindingoffset=\dimen127
\Gm@wd@mp=\dimen128
\Gm@odd@mp=\dimen129
\Gm@even@mp=\dimen130
\Gm@dimlist=\toks24
)
(/usr/share/texmf-texlive/tex/latex/fancyhdr/fancyhdr.sty
\fancy@headwidth=\skip49
\f@ncyO@elh=\skip50
\f@ncyO@erh=\skip51
\f@ncyO@olh=\skip52
\f@ncyO@orh=\skip53
\f@ncyO@elf=\skip54
\f@ncyO@erf=\skip55
\f@ncyO@olf=\skip56
\f@ncyO@orf=\skip57
)
(/usr/share/texmf-texlive/tex/latex/hyperref/hyperref.sty
Package: hyperref 2009/10/09 v6.79a Hypertext links for LaTeX

(/usr/share/texmf-texlive/tex/generic/ifxetex/ifxetex.sty
Package: ifxetex 2009/01/23 v0.5 Provides ifxetex conditional
)
(/usr/share/texmf-texlive/tex/latex/oberdiek/hycolor.sty
Package: hycolor 2009/10/02 v1.5 Code for color options of hyperref/bookmark (H
O)

(/usr/share/texmf-texlive/tex/latex/oberdiek/xcolor-patch.sty
Package: xcolor-patch 2009/10/02 xcolor patch
))
\@linkdim=\dimen131
\Hy@linkcounter=\count113
\Hy@pagecounter=\count114

(/usr/share/texmf-texlive/tex/latex/hyperref/pd1enc.def
File: pd1enc.def 2009/10/09 v6.79a Hyperref: PDFDocEncoding definition (HO)
Now handling font encoding PD1 ...
... no UTF-8 mapping file for font encoding PD1
)
(/usr/share/texmf-texlive/tex/generic/oberdiek/etexcmds.sty
Package: etexcmds 2007/12/12 v1.2 Prefix for e-TeX command names (HO)

(/usr/share/texmf-texlive/tex/generic/oberdiek/infwarerr.sty
Package: infwarerr 2007/09/09 v1.2 Providing info/warning/message (HO)
)
Package etexcmds Info: Could not find \expanded.
(etexcmds)             That can mean that you are not using pdfTeX 1.50 or
(etexcmds)             that some package has redefined \expanded.
(etexcmds)             In the latter case, load this package earlier.
)
(/usr/share/texmf-texlive/tex/latex/latexconfig/hyperref.cfg
File: hyperref.cfg 2002/06/06 v1.2 hyperref configuration of TeXLive
)
(/usr/share/texmf-texlive/tex/latex/oberdiek/kvoptions.sty
Package: kvoptions 2009/08/13 v3.4 Keyval support for LaTeX options (HO)

(/usr/share/texmf-texlive/tex/generic/oberdiek/kvsetkeys.sty
Package: kvsetkeys 2009/07/30 v1.5 Key value parser with default handler suppor
t (HO)
))
Package hyperref Info: Hyper figures OFF on input line 2975.
Package hyperref Info: Link nesting OFF on input line 2980.
Package hyperref Info: Hyper index ON on input line 2983.
Package hyperref Info: Plain pages OFF on input line 2990.
Package hyperref Info: Backreferencing OFF on input line 2995.

Implicit mode ON; LaTeX internals redefined
Package hyperref Info: Bookmarks ON on input line 3191.
LaTeX Info: Redefining \url on input line 3428.
(/usr/share/texmf-texlive/tex/generic/oberdiek/bitset.sty
Package: bitset 2007/09/28 v1.0 Data type bit set (HO)

(/usr/share/texmf-texlive/tex/generic/oberdiek/intcalc.sty
Package: intcalc 2007/09/27 v1.1 Expandable integer calculations (HO)
)
(/usr/share/texmf-texlive/tex/generic/oberdiek/bigintcalc.sty
Package: bigintcalc 2007/11/11 v1.1 Expandable big integer calculations (HO)

(/usr/share/texmf-texlive/tex/generic/oberdiek/pdftexcmds.sty
Package: pdftexcmds 2009/09/23 v0.6 LuaTeX support for pdfTeX utility functions
 (HO)

(/usr/share/texmf-texlive/tex/generic/oberdiek/ifluatex.sty
Package: ifluatex 2009/04/17 v1.2 Provides the ifluatex switch (HO)
Package ifluatex Info: LuaTeX not detected.
)
(/usr/share/texmf-texlive/tex/generic/oberdiek/ltxcmds.sty
Package: ltxcmds 2009/08/05 v1.0 Some LaTeX kernel commands for general use (HO
)
)
Package pdftexcmds Info: LuaTeX not detected.
Package pdftexcmds Info: \pdf@primitive is available.
Package pdftexcmds Info: \pdf@ifprimitive is available.
)))
\Fld@menulength=\count115
\Field@Width=\dimen132
\Fld@charsize=\dimen133
\Field@toks=\toks25
Package hyperref Info: Hyper figures OFF on input line 4377.
Package hyperref Info: Link nesting OFF on input line 4382.
Package hyperref Info: Hyper index ON on input line 4385.
Package hyperref Info: backreferencing OFF on input line 4392.
Package hyperref Info: Link coloring OFF on input line 4397.
Package hyperref Info: Link coloring with OCG OFF on input line 4402.
Package hyperref Info: PDF/A mode OFF on input line 4407.

(/usr/share/texmf-texlive/tex/generic/oberdiek/atbegshi.sty
Package: atbegshi 2008/07/31 v1.9 At begin shipout hook (HO)
)
\Hy@abspage=\count116
\c@Item=\count117
\c@Hfootnote=\count118
)
*hyperref using driver hpdftex*
(/usr/share/texmf-texlive/tex/latex/hyperref/hpdftex.def
File: hpdftex.def 2009/10/09 v6.79a Hyperref driver for pdfTeX
\Fld@listcount=\count119
)
(/usr/share/texmf-texlive/tex/latex/eurosym/eurosym.sty
Package: eurosym 1998/08/06 v1.1 European currency symbol ``Euro''
\@eurobox=\box31
)
(/usr/share/texmf-texlive/tex/latex/float/float.sty
Package: float 2001/11/08 v1.3d Float enhancements (AL)
\c@float@type=\count120
\float@exts=\toks26
\float@box=\box32
\@float@everytoks=\toks27
\@floatcapt=\box33
) (./insa.sty)
(./todonotes.sty
Package: todonotes 2012/07/25 .dtx Todonotes source and documentation.
Package: todonotes 2012/07/25
 (/usr/share/texmf-texlive/tex/latex/xkeyval/xkeyval.sty
Package: xkeyval 2008/08/13 v2.6a package option processing (HA)

(/usr/share/texmf-texlive/tex/generic/xkeyval/xkeyval.tex
\XKV@toks=\toks28
\XKV@tempa@toks=\toks29
\XKV@depth=\count121
File: xkeyval.tex 2008/08/13 v2.6a key=value parser (HA)
))
(/usr/share/texmf/tex/latex/xcolor/xcolor.sty
Package: xcolor 2007/01/21 v2.11 LaTeX color extensions (UK)

(/etc/texmf/tex/latex/config/color.cfg
File: color.cfg 2007/01/18 v1.5 color configuration of teTeX/TeXLive
)
Package xcolor Info: Driver file: pdftex.def on input line 225.
LaTeX Info: Redefining \color on input line 702.
Package xcolor Info: Model `cmy' substituted by `cmy0' on input line 1337.
Package xcolor Info: Model `hsb' substituted by `rgb' on input line 1341.
Package xcolor Info: Model `RGB' extended on input line 1353.
Package xcolor Info: Model `HTML' substituted by `rgb' on input line 1355.
Package xcolor Info: Model `Hsb' substituted by `hsb' on input line 1356.
Package xcolor Info: Model `tHsb' substituted by `hsb' on input line 1357.
Package xcolor Info: Model `HSB' substituted by `hsb' on input line 1358.
Package xcolor Info: Model `Gray' substituted by `gray' on input line 1359.
Package xcolor Info: Model `wave' substituted by `hsb' on input line 1360.
)
(/usr/share/texmf/tex/latex/pgf/frontendlayer/tikz.sty
(/usr/share/texmf/tex/latex/pgf/basiclayer/pgf.sty
(/usr/share/texmf/tex/latex/pgf/utilities/pgfrcs.sty
(/usr/share/texmf/tex/generic/pgf/utilities/pgfutil-common.tex
\pgfutil@everybye=\toks30
)
(/usr/share/texmf/tex/generic/pgf/utilities/pgfutil-latex.def)
(/usr/share/texmf/tex/generic/pgf/utilities/pgfrcs.code.tex
Package: pgfrcs 2008/02/20 v2.00 (rcs-revision 1.21)
))
Package: pgf 2008/01/15 v2.00 (rcs-revision 1.12)

(/usr/share/texmf/tex/latex/pgf/basiclayer/pgfcore.sty
(/usr/share/texmf/tex/latex/pgf/systemlayer/pgfsys.sty
(/usr/share/texmf/tex/generic/pgf/systemlayer/pgfsys.code.tex
Package: pgfsys 2008/02/07 v2.00 (rcs-revision 1.31)

(/usr/share/texmf/tex/generic/pgf/utilities/pgfkeys.code.tex
\pgfkeys@pathtoks=\toks31
\pgfkeys@temptoks=\toks32
)
\pgf@x=\dimen134
\pgf@y=\dimen135
\pgf@xa=\dimen136
\pgf@ya=\dimen137
\pgf@xb=\dimen138
\pgf@yb=\dimen139
\pgf@xc=\dimen140
\pgf@yc=\dimen141
\c@pgf@counta=\count122
\c@pgf@countb=\count123
\c@pgf@countc=\count124
\c@pgf@countd=\count125

(/usr/share/texmf/tex/generic/pgf/systemlayer/pgf.cfg
File: pgf.cfg 2008/01/13  (rcs-revision 1.6)
)
Package pgfsys Info: Driver file for pgf: pgfsys-pdftex.def on input line 885.

(/usr/share/texmf/tex/generic/pgf/systemlayer/pgfsys-pdftex.def
File: pgfsys-pdftex.def 2007/12/20  (rcs-revision 1.20)

(/usr/share/texmf/tex/generic/pgf/systemlayer/pgfsys-common-pdf.def
File: pgfsys-common-pdf.def 2007/12/17  (rcs-revision 1.8)
)))
(/usr/share/texmf/tex/generic/pgf/systemlayer/pgfsyssoftpath.code.tex
File: pgfsyssoftpath.code.tex 2008/01/23  (rcs-revision 1.6)
\pgfsyssoftpath@smallbuffer@items=\count126
\pgfsyssoftpath@bigbuffer@items=\count127
)
(/usr/share/texmf/tex/generic/pgf/systemlayer/pgfsysprotocol.code.tex
File: pgfsysprotocol.code.tex 2006/10/16  (rcs-revision 1.4)
))
(/usr/share/texmf/tex/generic/pgf/basiclayer/pgfcore.code.tex
Package: pgfcore 2008/01/15 v2.00 (rcs-revision 1.6)

(/usr/share/texmf/tex/generic/pgf/math/pgfmath.code.tex
(/usr/share/texmf/tex/generic/pgf/math/pgfmathcalc.code.tex
(/usr/share/texmf/tex/generic/pgf/math/pgfmathutil.code.tex
\pgfmath@box=\box34
)
(/usr/share/texmf/tex/generic/pgf/math/pgfmathparser.code.tex
\pgfmath@stack=\toks33
\c@pgfmath@parsecounta=\count128
\c@pgfmath@parsecountb=\count129
\c@pgfmath@parsecountc=\count130
\pgfmath@parsex=\dimen142
)
(/usr/share/texmf/tex/generic/pgf/math/pgfmathoperations.code.tex
(/usr/share/texmf/tex/generic/pgf/math/pgfmathtrig.code.tex)
(/usr/share/texmf/tex/generic/pgf/math/pgfmathrnd.code.tex))
(/usr/share/texmf/tex/generic/pgf/math/pgfmathbase.code.tex)))
(/usr/share/texmf/tex/generic/pgf/basiclayer/pgfcorepoints.code.tex
File: pgfcorepoints.code.tex 2008/02/03  (rcs-revision 1.13)
\pgf@picminx=\dimen143
\pgf@picmaxx=\dimen144
\pgf@picminy=\dimen145
\pgf@picmaxy=\dimen146
\pgf@pathminx=\dimen147
\pgf@pathmaxx=\dimen148
\pgf@pathminy=\dimen149
\pgf@pathmaxy=\dimen150
\pgf@xx=\dimen151
\pgf@xy=\dimen152
\pgf@yx=\dimen153
\pgf@yy=\dimen154
\pgf@zx=\dimen155
\pgf@zy=\dimen156
)
(/usr/share/texmf/tex/generic/pgf/basiclayer/pgfcorepathconstruct.code.tex
File: pgfcorepathconstruct.code.tex 2008/02/13  (rcs-revision 1.14)
\pgf@path@lastx=\dimen157
\pgf@path@lasty=\dimen158
)
(/usr/share/texmf/tex/generic/pgf/basiclayer/pgfcorepathusage.code.tex
File: pgfcorepathusage.code.tex 2008/01/23  (rcs-revision 1.11)
\pgf@shorten@end@additional=\dimen159
\pgf@shorten@start@additional=\dimen160
)
(/usr/share/texmf/tex/generic/pgf/basiclayer/pgfcorescopes.code.tex
File: pgfcorescopes.code.tex 2008/01/15  (rcs-revision 1.26)
\pgfpic=\box35
\pgf@hbox=\box36
\pgf@layerbox@main=\box37
\pgf@picture@serial@count=\count131
)
(/usr/share/texmf/tex/generic/pgf/basiclayer/pgfcoregraphicstate.code.tex
File: pgfcoregraphicstate.code.tex 2007/12/12  (rcs-revision 1.8)
\pgflinewidth=\dimen161
)
(/usr/share/texmf/tex/generic/pgf/basiclayer/pgfcoretransformations.code.tex
File: pgfcoretransformations.code.tex 2008/02/04  (rcs-revision 1.10)
\pgf@pt@x=\dimen162
\pgf@pt@y=\dimen163
\pgf@pt@temp=\dimen164
)
(/usr/share/texmf/tex/generic/pgf/basiclayer/pgfcorequick.code.tex
File: pgfcorequick.code.tex 2006/10/11  (rcs-revision 1.2)
)
(/usr/share/texmf/tex/generic/pgf/basiclayer/pgfcoreobjects.code.tex
File: pgfcoreobjects.code.tex 2006/10/11  (rcs-revision 1.2)
)
(/usr/share/texmf/tex/generic/pgf/basiclayer/pgfcorepathprocessing.code.tex
File: pgfcorepathprocessing.code.tex 2008/01/23  (rcs-revision 1.7)
)
(/usr/share/texmf/tex/generic/pgf/basiclayer/pgfcorearrows.code.tex
File: pgfcorearrows.code.tex 2007/06/07  (rcs-revision 1.8)
)
(/usr/share/texmf/tex/generic/pgf/basiclayer/pgfcoreshade.code.tex
File: pgfcoreshade.code.tex 2007/12/10  (rcs-revision 1.9)
\pgf@max=\dimen165
\pgf@sys@shading@range@num=\count132
)
(/usr/share/texmf/tex/generic/pgf/basiclayer/pgfcoreimage.code.tex
File: pgfcoreimage.code.tex 2008/01/15  (rcs-revision 1.1)
\pgfexternal@startupbox=\box38
)
(/usr/share/texmf/tex/generic/pgf/basiclayer/pgfcorelayers.code.tex
File: pgfcorelayers.code.tex 2008/01/15  (rcs-revision 1.1)
)
(/usr/share/texmf/tex/generic/pgf/basiclayer/pgfcoretransparency.code.tex
File: pgfcoretransparency.code.tex 2008/01/17  (rcs-revision 1.2)
)
(/usr/share/texmf/tex/generic/pgf/basiclayer/pgfcorepatterns.code.tex
File: pgfcorepatterns.code.tex 2008/01/15  (rcs-revision 1.1)
)))
(/usr/share/texmf/tex/generic/pgf/modules/pgfmoduleshapes.code.tex
File: pgfmoduleshapes.code.tex 2008/02/13  (rcs-revision 1.4)
\pgfnodeparttextbox=\box39
\toks@savedmacro=\toks34
)
(/usr/share/texmf/tex/generic/pgf/modules/pgfmoduleplot.code.tex
File: pgfmoduleplot.code.tex 2008/01/15  (rcs-revision 1.1)
\pgf@plotwrite=\write3
)
(/usr/share/texmf/tex/latex/pgf/compatibility/pgfcomp-version-0-65.sty
Package: pgfcomp-version-0-65 2007/07/03 v2.00 (rcs-revision 1.7)
\pgf@nodesepstart=\dimen166
\pgf@nodesepend=\dimen167
)
(/usr/share/texmf/tex/latex/pgf/compatibility/pgfcomp-version-1-18.sty
Package: pgfcomp-version-1-18 2007/07/23 v2.00 (rcs-revision 1.1)
))
(/usr/share/texmf/tex/latex/pgf/utilities/pgffor.sty
(/usr/share/texmf/tex/generic/pgf/utilities/pgffor.code.tex
Package: pgffor 2007/11/07 v2.00 (rcs-revision 1.8)
\pgffor@iter=\dimen168
\pgffor@skip=\dimen169
))
(/usr/share/texmf/tex/generic/pgf/frontendlayer/tikz/tikz.code.tex
Package: tikz 2008/02/13 v2.00 (rcs-revision 1.27)

(/usr/share/texmf/tex/generic/pgf/libraries/pgflibraryplothandlers.code.tex
File: pgflibraryplothandlers.code.tex 2007/03/09 v2.00 (rcs-revision 1.9)
\pgf@plot@mark@count=\count133
\pgfplotmarksize=\dimen170
)
\tikz@lastx=\dimen171
\tikz@lasty=\dimen172
\tikz@lastxsaved=\dimen173
\tikz@lastysaved=\dimen174
\tikzleveldistance=\dimen175
\tikzsiblingdistance=\dimen176
\tikz@figbox=\box40
\tikz@tempbox=\box41
\tikztreelevel=\count134
\tikznumberofchildren=\count135
\tikznumberofcurrentchild=\count136
\tikz@fig@count=\count137

(/usr/share/texmf/tex/generic/pgf/modules/pgfmodulematrix.code.tex
File: pgfmodulematrix.code.tex 2008/01/15  (rcs-revision 1.1)
\pgfmatrixcurrentrow=\count138
\pgfmatrixcurrentcolumn=\count139
\pgf@matrix@numberofcolumns=\count140
)
\tikz@expandcount=\count141

(/usr/share/texmf/tex/generic/pgf/frontendlayer/tikz/libraries/tikzlibrarytopat
hs.code.tex
File: tikzlibrarytopaths.code.tex 2008/01/09 v2.00 (rcs-revision 1.1)
)))
(/usr/share/texmf/tex/generic/pgf/frontendlayer/tikz/libraries/tikzlibraryposit
ioning.code.tex
File: tikzlibrarypositioning.code.tex 2008/02/12 v2.00 (rcs-revision 1.5)
)
\c@@todonotes@numberoftodonotes=\count142
) (/usr/share/texmf-texlive/tex/latex/listings/listings.sty
\lst@mode=\count143
\lst@gtempboxa=\box42
\lst@token=\toks35
\lst@length=\count144
\lst@currlwidth=\dimen177
\lst@column=\count145
\lst@pos=\count146
\lst@lostspace=\dimen178
\lst@width=\dimen179
\lst@newlines=\count147
\lst@lineno=\count148
\lst@maxwidth=\dimen180

(/usr/share/texmf-texlive/tex/latex/listings/lstmisc.sty
File: lstmisc.sty 2007/02/22 1.4 (Carsten Heinz)
\c@lstnumber=\count149
\lst@skipnumbers=\count150
\lst@framebox=\box43
)
(/usr/share/texmf-texlive/tex/latex/listings/listings.cfg
File: listings.cfg 2007/02/22 1.4 listings configuration
))
Package: listings 2007/02/22 1.4 (Carsten Heinz)
Package hyperref Info: Option `unicode' set `false' on input line 74.

(/usr/share/texmf-texlive/tex/latex/hyperref/puenc.def
File: puenc.def 2009/10/09 v6.79a Hyperref: PDF Unicode definition (HO)
Now handling font encoding PU ...
... no UTF-8 mapping file for font encoding PU
)
Package hyperref Info: Option `colorlinks' set `true' on input line 74.
 (./rapport.aux
(./chapitres/4_travail/1_formation.aux) (./chapitres/4_travail/2_ebanking.aux)
(./chapitres/4_travail/3_gatling.aux))
\openout1 = `rapport.aux'.

LaTeX Font Info:    Checking defaults for OML/cmm/m/it on input line 82.
LaTeX Font Info:    ... okay on input line 82.
LaTeX Font Info:    Checking defaults for T1/cmr/m/n on input line 82.
LaTeX Font Info:    ... okay on input line 82.
LaTeX Font Info:    Checking defaults for OT1/cmr/m/n on input line 82.
LaTeX Font Info:    ... okay on input line 82.
LaTeX Font Info:    Checking defaults for OMS/cmsy/m/n on input line 82.
LaTeX Font Info:    ... okay on input line 82.
LaTeX Font Info:    Checking defaults for OMX/cmex/m/n on input line 82.
LaTeX Font Info:    ... okay on input line 82.
LaTeX Font Info:    Checking defaults for U/cmr/m/n on input line 82.
LaTeX Font Info:    ... okay on input line 82.
LaTeX Font Info:    Checking defaults for PD1/pdf/m/n on input line 82.
LaTeX Font Info:    ... okay on input line 82.
LaTeX Font Info:    Checking defaults for PU/pdf/m/n on input line 82.
LaTeX Font Info:    ... okay on input line 82.
LaTeX Font Info:    Try loading font information for T1+ppl on input line 82.

(/usr/share/texmf-texlive/tex/latex/psnfss/t1ppl.fd
File: t1ppl.fd 2001/06/04 font definitions for T1/ppl.
)
LaTeX Info: Redefining \degres on input line 82.
LaTeX Info: Redefining \dots on input line 82.
LaTeX Info: Redefining \up on input line 82.

(/usr/share/texmf-texlive/tex/context/base/supp-pdf.mkii
[Loading MPS to PDF converter (version 2006.09.02).]
\scratchcounter=\count151
\scratchdimen=\dimen181
\scratchbox=\box44
\nofMPsegments=\count152
\nofMParguments=\count153
\everyMPshowfont=\toks36
\MPscratchCnt=\count154
\MPscratchDim=\dimen182
\MPnumerator=\count155
\everyMPtoPDFconversion=\toks37
) ABD: EveryShipout initializing macros
Package caption Info: Begin \AtBeginDocument code.
Package caption Info: float package is loaded.
Package caption Info: hyperref package is loaded.
Package caption Info: listings package is loaded.
Package caption Info: wrapfig package is loaded.
Package caption Info: End \AtBeginDocument code.

*geometry auto-detecting driver*
*geometry detected driver: pdftex*
-------------------- Geometry parameters
paper: a4paper
landscape: --
twocolumn: --
twoside: true
asymmetric: --
h-parts: 56.9055pt, 483.69687pt, 56.9055pt
v-parts: 78.24507pt, 709.89627pt, 56.9055pt
hmarginratio: --
vmarginratio: --
lines: --
heightrounded: --
bindingoffset: 0.0pt
truedimen: --
includehead: --
includefoot: --
includemp: --
driver: pdftex
-------------------- Page layout dimensions and switches
\paperwidth  597.50787pt
\paperheight 845.04684pt
\textwidth  483.69687pt
\textheight 709.89627pt
\oddsidemargin  -15.36449pt
\evensidemargin -15.36449pt
\topmargin  -31.02492pt
\headheight 12.0pt
\headsep    25.0pt
\footskip   30.0pt
\marginparwidth 85.0pt
\marginparsep   10.0pt
\columnsep  10.0pt
\skip\footins  10.8pt plus 4.0pt minus 2.0pt
\hoffset 0.0pt
\voffset 0.0pt
\mag 1000
\@twosidetrue \@mparswitchtrue 
(1in=72.27pt, 1cm=28.45pt)
-----------------------
Package hyperref Info: Link coloring ON on input line 82.
(/usr/share/texmf-texlive/tex/latex/hyperref/nameref.sty
Package: nameref 2007/05/29 v2.31 Cross-referencing by name of section

(/usr/share/texmf-texlive/tex/latex/oberdiek/refcount.sty
Package: refcount 2008/08/11 v3.1 Data extraction from references (HO)
)
\c@section@level=\count156
)
LaTeX Info: Redefining \ref on input line 82.
LaTeX Info: Redefining \pageref on input line 82.
 (./rapport.out)
(./rapport.out)
\@outlinefile=\write4
\openout4 = `rapport.out'.

\AtBeginShipoutBox=\box45
\c@lstlisting=\count157
 <images/logo-ecn.pdf, id=170, 437.9562pt x 505.89pt>
File: images/logo-ecn.pdf Graphic file (type pdf)

<use images/logo-ecn.pdf> [1

{/var/lib/texmf/fonts/map/pdftex/updmap/pdftex.map} <./images/logo-ecn.pdf>] (.
/chapitres/0_remerciements.tex
LaTeX Font Info:    Font shape `T1/ppl/bx/n' in size <24.88> not available
(Font)              Font shape `T1/ppl/b/n' tried instead on input line 1.

Underfull \hbox (badness 10000) in paragraph at lines 4--5

 []


Underfull \hbox (badness 10000) in paragraph at lines 6--7

 []


Underfull \hbox (badness 10000) in paragraph at lines 8--9

 []

) <images/header.pdf, id=182, 627.3046pt x 82.388pt>
File: images/header.pdf Graphic file (type pdf)
 <use images/header.pdf>
<images/excilys.pdf, id=183, 154.5775pt x 82.3075pt>
File: images/excilys.pdf Graphic file (type pdf)
 <use images/excilys.pdf>
<images/ebusiness.pdf, id=184, 195.73125pt x 74.2775pt>
File: images/ebusiness.pdf Graphic file (type pdf)

<use images/ebusiness.pdf>

Package Fancyhdr Warning: \headheight is too small (12.0pt): 
 Make it at least 14.49998pt.
 We now make it that large for the rest of the document.
 This may cause the page layout to be inconsistent, however.


Package xcolor Warning: Incompatible color definition on input line 121.

<images/volutebas.pdf, id=185, 849.4154pt x 330.034pt>
File: images/volutebas.pdf Graphic file (type pdf)

<use images/volutebas.pdf>pdfTeX warning (ext4): destination with the same iden
tifier (name{page.1}) has been already used, duplicate ignored
<to be read again> 
                   \relax 
l.121 \newpage
               [1

 <./images/header.pdf> <./images/excilys.pdf> <./images/ebusiness.pdf> <./image
s/volutebas.pdf>] (./rapport.toc
LaTeX Font Info:    Font shape `T1/ppl/bx/n' in size <12> not available
(Font)              Font shape `T1/ppl/b/n' tried instead on input line 2.
LaTeX Font Info:    Try loading font information for U+msa on input line 5.

(/usr/share/texmf-texlive/tex/latex/amsfonts/umsa.fd
File: umsa.fd 2009/06/22 v3.00 AMS symbols A
)
LaTeX Font Info:    Try loading font information for U+msb on input line 5.

(/usr/share/texmf-texlive/tex/latex/amsfonts/umsb.fd
File: umsb.fd 2009/06/22 v3.00 AMS symbols B
)
File: images/header.pdf Graphic file (type pdf)
 <use images/header.pdf>
File: images/excilys.pdf Graphic file (type pdf)

<use images/excilys.pdf>
File: images/ebusiness.pdf Graphic file (type pdf)
 <use images/ebusiness.pdf>

Package Fancyhdr Warning: \headheight is too small (12.0pt): 
 Make it at least 14.49998pt.
 We now make it that large for the rest of the document.
 This may cause the page layout to be inconsistent, however.


Package xcolor Warning: Incompatible color definition on input line 72.

<images/volutebasVerso.pdf, id=250, 849.4154pt x 330.034pt>
File: images/volutebasVerso.pdf Graphic file (type pdf)

<use images/volutebasVerso.pdf> [2

 <./images/volutebasVerso.pdf>])
\tf@toc=\write5
\openout5 = `rapport.toc'.


(./chapitres/1_introduction.tex
File: images/header.pdf Graphic file (type pdf)
 <use images/header.pdf>
File: images/excilys.pdf Graphic file (type pdf)

<use images/excilys.pdf>
File: images/ebusiness.pdf Graphic file (type pdf)
 <use images/ebusiness.pdf>

Package Fancyhdr Warning: \headheight is too small (12.0pt): 
 Make it at least 14.49998pt.
 We now make it that large for the rest of the document.
 This may cause the page layout to be inconsistent, however.


Package xcolor Warning: Incompatible color definition on input line 1.

File: images/volutebas.pdf Graphic file (type pdf)
<use images/volutebas.pdf> [3]
Underfull \hbox (badness 10000) in paragraph at lines 4--5

 []

) (./chapitres/2_entreprise.tex
File: images/header.pdf Graphic file (type pdf)
 <use images/header.pdf>
File: images/excilys.pdf Graphic file (type pdf)

<use images/excilys.pdf>
File: images/ebusiness.pdf Graphic file (type pdf)
 <use images/ebusiness.pdf>

Package Fancyhdr Warning: \headheight is too small (12.0pt): 
 Make it at least 14.49998pt.
 We now make it that large for the rest of the document.
 This may cause the page layout to be inconsistent, however.


Package xcolor Warning: Incompatible color definition on input line 1.

File: images/volutebasVerso.pdf Graphic file (type pdf)
<use images/volutebasVerso.pdf> [4

]
Chapitre 1.
LaTeX Font Info:    Font shape `T1/ppl/bx/n' in size <17.28> not available
(Font)              Font shape `T1/ppl/b/n' tried instead on input line 5.
LaTeX Font Info:    Font shape `T1/ppl/bx/n' in size <14.4> not available
(Font)              Font shape `T1/ppl/b/n' tried instead on input line 9.

Underfull \hbox (badness 10000) in paragraph at lines 11--13

 []


Underfull \hbox (badness 10000) in paragraph at lines 14--16

 []


Underfull \hbox (badness 10000) in paragraph at lines 21--24

 []

File: images/header.pdf Graphic file (type pdf)
<use images/header.pdf>
File: images/excilys.pdf Graphic file (type pdf)
 <use images/excilys.pdf>
File: images/ebusiness.pdf Graphic file (type pdf)
 <use images/ebusiness.pdf>

Package Fancyhdr Warning: \headheight is too small (12.0pt): 
 Make it at least 14.49998pt.
 We now make it that large for the rest of the document.
 This may cause the page layout to be inconsistent, however.


Package xcolor Warning: Incompatible color definition on input line 25.

File: images/volutebas.pdf Graphic file (type pdf)
<use images/volutebas.pdf> [5

]
Underfull \hbox (badness 10000) in paragraph at lines 25--26

 []

<images/diag_metier.pdf, id=281, 862.22125pt x 584.1825pt>
File: images/diag_metier.pdf Graphic file (type pdf)

<use images/diag_metier.pdf>
Underfull \hbox (badness 10000) in paragraph at lines 34--35

 []

<images/pie_ca.pdf, id=282, 554.00078pt x 235.85213pt>
File: images/pie_ca.pdf Graphic file (type pdf)
 <use images/pie_ca.pdf>
Underfull \vbox (badness 10000) has occurred while \output is active []

File: images/header.pdf Graphic file (type pdf)

<use images/header.pdf>
File: images/excilys.pdf Graphic file (type pdf)
 <use images/excilys.pdf>
File: images/ebusiness.pdf Graphic file (type pdf)
 <use images/ebusiness.pdf>

Package Fancyhdr Warning: \headheight is too small (12.0pt): 
 Make it at least 14.49998pt.
 We now make it that large for the rest of the document.
 This may cause the page layout to be inconsistent, however.


Package xcolor Warning: Incompatible color definition on input line 41.

File: images/volutebasVerso.pdf Graphic file (type pdf)
<use images/volutebasVerso.pdf> [6 <./images/diag_metier.pdf>]
Underfull \hbox (badness 10000) in paragraph at lines 42--43

 []


Underfull \hbox (badness 10000) in paragraph at lines 44--45

 []

<images/diag_ca.pdf, id=293, 480.73602pt x 230.83339pt>
File: images/diag_ca.pdf Graphic file (type pdf)

<use images/diag_ca.pdf>
Underfull \vbox (badness 10000) has occurred while \output is active []

File: images/header.pdf Graphic file (type pdf)

<use images/header.pdf>
File: images/excilys.pdf Graphic file (type pdf)
 <use images/excilys.pdf>
File: images/ebusiness.pdf Graphic file (type pdf)
 <use images/ebusiness.pdf>

Package Fancyhdr Warning: \headheight is too small (12.0pt): 
 Make it at least 14.49998pt.
 We now make it that large for the rest of the document.
 This may cause the page layout to be inconsistent, however.


Package xcolor Warning: Incompatible color definition on input line 57.

File: images/volutebas.pdf Graphic file (type pdf)
<use images/volutebas.pdf> [7 <./images/pie_ca.pdf> <./images/diag_ca.pdf>]
<images/diag_equi.pdf, id=309, 1204.34941pt x 783.03442pt>
File: images/diag_equi.pdf Graphic file (type pdf)

<use images/diag_equi.pdf>
Underfull \vbox (badness 10000) has occurred while \output is active []

File: images/header.pdf Graphic file (type pdf)

<use images/header.pdf>
File: images/excilys.pdf Graphic file (type pdf)
 <use images/excilys.pdf>
File: images/ebusiness.pdf Graphic file (type pdf)
 <use images/ebusiness.pdf>

Package Fancyhdr Warning: \headheight is too small (12.0pt): 
 Make it at least 14.49998pt.
 We now make it that large for the rest of the document.
 This may cause the page layout to be inconsistent, however.


Package xcolor Warning: Incompatible color definition on input line 89.

File: images/volutebasVerso.pdf Graphic file (type pdf)
<use images/volutebasVerso.pdf> [8]
Underfull \hbox (badness 10000) in paragraph at lines 99--100

 []


Underfull \hbox (badness 10000) in paragraph at lines 102--103

 []

<images/diag_si.pdf, id=315, 971.63pt x 1174.3875pt>
File: images/diag_si.pdf Graphic file (type pdf)
 <use images/diag_si.pdf>)
File: images/header.pdf Graphic file (type pdf)

<use images/header.pdf>
File: images/excilys.pdf Graphic file (type pdf)
 <use images/excilys.pdf>
File: images/ebusiness.pdf Graphic file (type pdf)
 <use images/ebusiness.pdf>

Package Fancyhdr Warning: \headheight is too small (12.0pt): 
 Make it at least 14.49998pt.
 We now make it that large for the rest of the document.
 This may cause the page layout to be inconsistent, however.


Package xcolor Warning: Incompatible color definition on input line 128.

File: images/volutebas.pdf Graphic file (type pdf)
<use images/volutebas.pdf> [9 <./images/diag_equi.pdf>]
(./chapitres/3_sujet.tex
File: images/header.pdf Graphic file (type pdf)
 <use images/header.pdf>
File: images/excilys.pdf Graphic file (type pdf)
 <use images/excilys.pdf>
File: images/ebusiness.pdf Graphic file (type pdf)

<use images/ebusiness.pdf>

Package Fancyhdr Warning: \headheight is too small (12.0pt): 
 Make it at least 14.49998pt.
 We now make it that large for the rest of the document.
 This may cause the page layout to be inconsistent, however.


Package xcolor Warning: Incompatible color definition on input line 1.

File: images/volutebasVerso.pdf Graphic file (type pdf)
<use images/volutebasVerso.pdf> [10 <./images/diag_si.pdf>]
Chapitre 2.

Underfull \hbox (badness 10000) in paragraph at lines 5--6

 []


Underfull \hbox (badness 10000) in paragraph at lines 7--8

 []


Underfull \hbox (badness 10000) in paragraph at lines 13--14

 []


Underfull \hbox (badness 10000) in paragraph at lines 15--16

 []

File: images/header.pdf Graphic file (type pdf)
<use images/header.pdf>
File: images/excilys.pdf Graphic file (type pdf)
 <use images/excilys.pdf>
File: images/ebusiness.pdf Graphic file (type pdf)
 <use images/ebusiness.pdf>

Package Fancyhdr Warning: \headheight is too small (12.0pt): 
 Make it at least 14.49998pt.
 We now make it that large for the rest of the document.
 This may cause the page layout to be inconsistent, however.


Package xcolor Warning: Incompatible color definition on input line 20.

File: images/volutebas.pdf Graphic file (type pdf)
<use images/volutebas.pdf> [11

]
Underfull \hbox (badness 10000) in paragraph at lines 23--24

 []


Underfull \hbox (badness 10000) in paragraph at lines 31--32

 []

) (./chapitres/4_travail.tex
File: images/header.pdf Graphic file (type pdf)
 <use images/header.pdf>
File: images/excilys.pdf Graphic file (type pdf)
 <use images/excilys.pdf>
File: images/ebusiness.pdf Graphic file (type pdf)

<use images/ebusiness.pdf>

Package Fancyhdr Warning: \headheight is too small (12.0pt): 
 Make it at least 14.49998pt.
 We now make it that large for the rest of the document.
 This may cause the page layout to be inconsistent, however.


Package xcolor Warning: Incompatible color definition on input line 1.

File: images/volutebasVerso.pdf Graphic file (type pdf)
<use images/volutebasVerso.pdf> [12]
Chapitre 3.

Underfull \hbox (badness 10000) in paragraph at lines 8--9

 []

File: images/header.pdf Graphic file (type pdf)
<use images/header.pdf>
File: images/excilys.pdf Graphic file (type pdf)
 <use images/excilys.pdf>
File: images/ebusiness.pdf Graphic file (type pdf)
 <use images/ebusiness.pdf>

Package Fancyhdr Warning: \headheight is too small (12.0pt): 
 Make it at least 14.49998pt.
 We now make it that large for the rest of the document.
 This may cause the page layout to be inconsistent, however.


Package xcolor Warning: Incompatible color definition on input line 13.

File: images/volutebas.pdf Graphic file (type pdf)
<use images/volutebas.pdf> [13

]
\openout2 = `chapitres/4_travail/1_formation.aux'.

 (./chapitres/4_travail/1_formation.tex
Underfull \hbox (badness 10000) in paragraph at lines 5--6

 []


Underfull \hbox (badness 10000) in paragraph at lines 20--21

 []

<images/capico.pdf, id=349, 976.27534pt x 599.91628pt>
File: images/capico.pdf Graphic file (type pdf)
 <use images/capico.pdf>
Underfull \vbox (badness 10000) has occurred while \output is active []

File: images/header.pdf Graphic file (type pdf)

<use images/header.pdf>
File: images/excilys.pdf Graphic file (type pdf)
 <use images/excilys.pdf>
File: images/ebusiness.pdf Graphic file (type pdf)
 <use images/ebusiness.pdf>

Package Fancyhdr Warning: \headheight is too small (12.0pt): 
 Make it at least 14.49998pt.
 We now make it that large for the rest of the document.
 This may cause the page layout to be inconsistent, however.


Package xcolor Warning: Incompatible color definition on input line 34.

File: images/volutebasVerso.pdf Graphic file (type pdf)
<use images/volutebasVerso.pdf> [14

]
Underfull \hbox (badness 10000) in paragraph at lines 43--44

 []


Underfull \hbox (badness 10000) in paragraph at lines 45--46

 []

File: images/header.pdf Graphic file (type pdf)
<use images/header.pdf>
File: images/excilys.pdf Graphic file (type pdf)
 <use images/excilys.pdf>
File: images/ebusiness.pdf Graphic file (type pdf)
 <use images/ebusiness.pdf>

Package Fancyhdr Warning: \headheight is too small (12.0pt): 
 Make it at least 14.49998pt.
 We now make it that large for the rest of the document.
 This may cause the page layout to be inconsistent, however.


Package xcolor Warning: Incompatible color definition on input line 48.

File: images/volutebas.pdf Graphic file (type pdf)
<use images/volutebas.pdf> [15 <./images/capico.pdf>]
Underfull \hbox (badness 10000) in paragraph at lines 55--56

 []


Overfull \hbox (0.33685pt too wide) in paragraph at lines 70--71
[]\T1/ppl/m/n/12 API in-spire d'Hiber-nate, per-me-t-tant de per-sis-ter dans 
une base
 []

File: images/header.pdf Graphic file (type pdf)
<use images/header.pdf>
File: images/excilys.pdf Graphic file (type pdf)
 <use images/excilys.pdf>
File: images/ebusiness.pdf Graphic file (type pdf)
 <use images/ebusiness.pdf>

Package Fancyhdr Warning: \headheight is too small (12.0pt): 
 Make it at least 14.49998pt.
 We now make it that large for the rest of the document.
 This may cause the page layout to be inconsistent, however.


Package xcolor Warning: Incompatible color definition on input line 77.

File: images/volutebasVerso.pdf Graphic file (type pdf)
<use images/volutebasVerso.pdf> [16]
Underfull \hbox (badness 10000) in paragraph at lines 84--85

 []


Underfull \hbox (badness 10000) in paragraph at lines 86--87

 []


Underfull \hbox (badness 10000) in paragraph at lines 92--93

 []


Underfull \hbox (badness 10000) in paragraph at lines 94--95

 []

File: images/header.pdf Graphic file (type pdf)
<use images/header.pdf>
File: images/excilys.pdf Graphic file (type pdf)
 <use images/excilys.pdf>
File: images/ebusiness.pdf Graphic file (type pdf)
 <use images/ebusiness.pdf>

Package Fancyhdr Warning: \headheight is too small (12.0pt): 
 Make it at least 14.49998pt.
 We now make it that large for the rest of the document.
 This may cause the page layout to be inconsistent, however.


Package xcolor Warning: Incompatible color definition on input line 95.

File: images/volutebas.pdf Graphic file (type pdf)
<use images/volutebas.pdf> [17])
File: images/header.pdf Graphic file (type pdf)
 <use images/header.pdf>
File: images/excilys.pdf Graphic file (type pdf)

<use images/excilys.pdf>
File: images/ebusiness.pdf Graphic file (type pdf)
 <use images/ebusiness.pdf>

Package Fancyhdr Warning: \headheight is too small (12.0pt): 
 Make it at least 14.49998pt.
 We now make it that large for the rest of the document.
 This may cause the page layout to be inconsistent, however.


Package xcolor Warning: Incompatible color definition on input line 13.

File: images/volutebasVerso.pdf Graphic file (type pdf)
<use images/volutebasVerso.pdf> [18]
\openout2 = `chapitres/4_travail/2_ebanking.aux'.

 (./chapitres/4_travail/2_ebanking.tex
Underfull \hbox (badness 10000) in paragraph at lines 3--4

 []

LaTeX Font Info:    Try loading font information for T1+cmtt on input line 5.
(/usr/share/texmf-texlive/tex/latex/base/t1cmtt.fd
File: t1cmtt.fd 1999/05/25 v2.5h Standard LaTeX font definitions
)
Underfull \hbox (badness 10000) in paragraph at lines 33--34

 []


Underfull \hbox (badness 10000) in paragraph at lines 35--36

 []


Underfull \hbox (badness 10000) in paragraph at lines 37--38

 []

File: images/header.pdf Graphic file (type pdf)
<use images/header.pdf>
File: images/excilys.pdf Graphic file (type pdf)
 <use images/excilys.pdf>
File: images/ebusiness.pdf Graphic file (type pdf)
 <use images/ebusiness.pdf>

Package Fancyhdr Warning: \headheight is too small (12.0pt): 
 Make it at least 14.49998pt.
 We now make it that large for the rest of the document.
 This may cause the page layout to be inconsistent, however.


Package xcolor Warning: Incompatible color definition on input line 38.

File: images/volutebas.pdf Graphic file (type pdf)
<use images/volutebas.pdf> [19


]
Overfull \hbox (11.42957pt too wide) in paragraph at lines 41--42
[]\T1/ppl/m/n/12 Runion avec le ^^Sprod-uct owner^^T (client dans le vo-cab-u-
laire Scrum), c'est  dire Stphane
 []


Underfull \hbox (badness 10000) in paragraph at lines 49--50

 []


Underfull \hbox (badness 10000) in paragraph at lines 58--59

 []


Underfull \hbox (badness 10000) in paragraph at lines 61--62

 []

File: images/header.pdf Graphic file (type pdf)
<use images/header.pdf>
File: images/excilys.pdf Graphic file (type pdf)
 <use images/excilys.pdf>
File: images/ebusiness.pdf Graphic file (type pdf)
 <use images/ebusiness.pdf>

Package Fancyhdr Warning: \headheight is too small (12.0pt): 
 Make it at least 14.49998pt.
 We now make it that large for the rest of the document.
 This may cause the page layout to be inconsistent, however.


Package xcolor Warning: Incompatible color definition on input line 83.

File: images/volutebasVerso.pdf Graphic file (type pdf)
<use images/volutebasVerso.pdf> [20]
Underfull \hbox (badness 10000) in paragraph at lines 84--85

 []


Underfull \hbox (badness 10000) in paragraph at lines 90--91

 []

<images/build_incassable.pdf, id=425, 722.60963pt x 541.95773pt>
File: images/build_incassable.pdf Graphic file (type pdf)

<use images/build_incassable.pdf>
Overfull \hbox (3.00531pt too wide) in paragraph at lines 100--101
[]\T1/ppl/m/n/12 Chaque dveloppeur dis-pose d'une \T1/ppl/m/it/12 branche\T1/p
pl/m/n/12 , une ver-sion par-al-lle des sources du dpt.
 []

File: images/header.pdf Graphic file (type pdf)
<use images/header.pdf>
File: images/excilys.pdf Graphic file (type pdf)
 <use images/excilys.pdf>
File: images/ebusiness.pdf Graphic file (type pdf)
 <use images/ebusiness.pdf>

Package Fancyhdr Warning: \headheight is too small (12.0pt): 
 Make it at least 14.49998pt.
 We now make it that large for the rest of the document.
 This may cause the page layout to be inconsistent, however.


Package xcolor Warning: Incompatible color definition on input line 106.

File: images/volutebas.pdf Graphic file (type pdf)
<use images/volutebas.pdf> [21 <./images/build_incassable.pdf>]
Underfull \hbox (badness 10000) in paragraph at lines 118--119

 []


Underfull \hbox (badness 10000) in paragraph at lines 122--123

 []


Underfull \hbox (badness 10000) in paragraph at lines 128--129

 []


Underfull \hbox (badness 10000) in paragraph at lines 130--131

 []

File: images/header.pdf Graphic file (type pdf)
<use images/header.pdf>
File: images/excilys.pdf Graphic file (type pdf)
 <use images/excilys.pdf>
File: images/ebusiness.pdf Graphic file (type pdf)
 <use images/ebusiness.pdf>

Package Fancyhdr Warning: \headheight is too small (12.0pt): 
 Make it at least 14.49998pt.
 We now make it that large for the rest of the document.
 This may cause the page layout to be inconsistent, however.


Package xcolor Warning: Incompatible color definition on input line 131.

File: images/volutebasVerso.pdf Graphic file (type pdf)
<use images/volutebasVerso.pdf> [22]
Underfull \hbox (badness 10000) in paragraph at lines 132--133

 []


Underfull \hbox (badness 10000) in paragraph at lines 138--139

 []


Underfull \hbox (badness 10000) in paragraph at lines 148--149

 []


Underfull \hbox (badness 10000) in paragraph at lines 150--151

 []

File: images/header.pdf Graphic file (type pdf)
<use images/header.pdf>
File: images/excilys.pdf Graphic file (type pdf)
 <use images/excilys.pdf>
File: images/ebusiness.pdf Graphic file (type pdf)
 <use images/ebusiness.pdf>

Package Fancyhdr Warning: \headheight is too small (12.0pt): 
 Make it at least 14.49998pt.
 We now make it that large for the rest of the document.
 This may cause the page layout to be inconsistent, however.


Package xcolor Warning: Incompatible color definition on input line 157.

File: images/volutebas.pdf Graphic file (type pdf)
<use images/volutebas.pdf> [23]
Underfull \hbox (badness 10000) in paragraph at lines 162--163

 []


Underfull \hbox (badness 10000) in paragraph at lines 164--165

 []


Underfull \hbox (badness 10000) in paragraph at lines 172--173

 []


Underfull \hbox (badness 10000) in paragraph at lines 178--179

 []

File: images/header.pdf Graphic file (type pdf)
<use images/header.pdf>
File: images/excilys.pdf Graphic file (type pdf)
 <use images/excilys.pdf>
File: images/ebusiness.pdf Graphic file (type pdf)
 <use images/ebusiness.pdf>

Package Fancyhdr Warning: \headheight is too small (12.0pt): 
 Make it at least 14.49998pt.
 We now make it that large for the rest of the document.
 This may cause the page layout to be inconsistent, however.


Package xcolor Warning: Incompatible color definition on input line 179.

File: images/volutebasVerso.pdf Graphic file (type pdf)
<use images/volutebasVerso.pdf> [24]
Underfull \hbox (badness 10000) in paragraph at lines 180--181

 []


Underfull \hbox (badness 10000) in paragraph at lines 182--183

 []


Underfull \hbox (badness 10000) in paragraph at lines 198--199

 []


Overfull \hbox (5.12769pt too wide) in paragraph at lines 200--201
[]\T1/ppl/m/n/12 Dans le cas d'une ar-chi-tec-ture 3-tiers, que nous avons util
-is pour MF Bank-ing, les couches
 []

<images/ntiers.pdf, id=467, 276.03125pt x 251.94125pt>
File: images/ntiers.pdf Graphic file (type pdf)
 <use images/ntiers.pdf>
Underfull \hbox (badness 10000) in paragraph at lines 208--209

 []

File: images/header.pdf Graphic file (type pdf)
<use images/header.pdf>
File: images/excilys.pdf Graphic file (type pdf)
 <use images/excilys.pdf>
File: images/ebusiness.pdf Graphic file (type pdf)
 <use images/ebusiness.pdf>

Package Fancyhdr Warning: \headheight is too small (12.0pt): 
 Make it at least 14.49998pt.
 We now make it that large for the rest of the document.
 This may cause the page layout to be inconsistent, however.


Package xcolor Warning: Incompatible color definition on input line 209.

File: images/volutebas.pdf Graphic file (type pdf)
<use images/volutebas.pdf> [25 <./images/ntiers.pdf>]
Underfull \hbox (badness 10000) in paragraph at lines 210--211

 []


Underfull \hbox (badness 10000) in paragraph at lines 212--213

 []


Underfull \hbox (badness 10000) in paragraph at lines 214--215

 []


Overfull \hbox (4.59851pt too wide) in paragraph at lines 216--218
[]\T1/ppl/m/n/12 Les frame-works per-me-t-tant l'in-jec-tion de dpen-dances te
ls que Spring sim-pli-fient grande-
 []

<images/diagramme_modele.pdf, id=481, 1527.9082pt x 647.30032pt>
File: images/diagramme_modele.pdf Graphic file (type pdf)

<use images/diagramme_modele.pdf>
File: images/header.pdf Graphic file (type pdf)
 <use images/header.pdf>
File: images/excilys.pdf Graphic file (type pdf)

<use images/excilys.pdf>
File: images/ebusiness.pdf Graphic file (type pdf)
 <use images/ebusiness.pdf>

Package Fancyhdr Warning: \headheight is too small (12.0pt): 
 Make it at least 14.49998pt.
 We now make it that large for the rest of the document.
 This may cause the page layout to be inconsistent, however.


Package xcolor Warning: Incompatible color definition on input line 240.

File: images/volutebasVerso.pdf Graphic file (type pdf)
<use images/volutebasVerso.pdf> [26 <./images/diagramme_modele.pdf>]
Underfull \hbox (badness 10000) in paragraph at lines 251--253

 []


Underfull \hbox (badness 10000) in paragraph at lines 256--259

 []


Underfull \hbox (badness 10000) in paragraph at lines 260--261

 []


Underfull \hbox (badness 10000) in paragraph at lines 264--265

 []


Underfull \hbox (badness 10000) in paragraph at lines 268--269

 []

File: images/header.pdf Graphic file (type pdf)
<use images/header.pdf>
File: images/excilys.pdf Graphic file (type pdf)
 <use images/excilys.pdf>
File: images/ebusiness.pdf Graphic file (type pdf)
 <use images/ebusiness.pdf>

Package Fancyhdr Warning: \headheight is too small (12.0pt): 
 Make it at least 14.49998pt.
 We now make it that large for the rest of the document.
 This may cause the page layout to be inconsistent, however.


Package xcolor Warning: Incompatible color definition on input line 269.

File: images/volutebas.pdf Graphic file (type pdf)
<use images/volutebas.pdf> [27]
Underfull \hbox (badness 10000) in paragraph at lines 270--271

 []


Underfull \hbox (badness 10000) in paragraph at lines 274--275

 []


Underfull \hbox (badness 10000) in paragraph at lines 276--278

 []


Underfull \hbox (badness 10000) in paragraph at lines 281--283

 []


Overfull \hbox (1.09776pt too wide) in paragraph at lines 284--286
\T1/ppl/m/n/12 parties, tou-jours dans le but de sim-pli-fier au-tant que pos-s
i-ble le dveloppe-ment en dlguant
 []


Underfull \hbox (badness 10000) in paragraph at lines 290--291

 []

File: images/header.pdf Graphic file (type pdf)
<use images/header.pdf>
File: images/excilys.pdf Graphic file (type pdf)
 <use images/excilys.pdf>
File: images/ebusiness.pdf Graphic file (type pdf)
 <use images/ebusiness.pdf>

Package Fancyhdr Warning: \headheight is too small (12.0pt): 
 Make it at least 14.49998pt.
 We now make it that large for the rest of the document.
 This may cause the page layout to be inconsistent, however.


Package xcolor Warning: Incompatible color definition on input line 296.

File: images/volutebasVerso.pdf Graphic file (type pdf)
<use images/volutebasVerso.pdf> [28]
Underfull \hbox (badness 10000) in paragraph at lines 298--300

 []


Underfull \hbox (badness 10000) in paragraph at lines 309--310

 []


Underfull \hbox (badness 10000) in paragraph at lines 315--316

 []


Underfull \hbox (badness 10000) in paragraph at lines 318--320

 []

<images/diagramme_modules.pdf, id=506, 1422.6349pt x 793.83177pt>
File: images/diagramme_modules.pdf Graphic file (type pdf)

<use images/diagramme_modules.pdf>
Underfull \vbox (badness 10000) has occurred while \output is active []

File: images/header.pdf Graphic file (type pdf)

<use images/header.pdf>
File: images/excilys.pdf Graphic file (type pdf)
 <use images/excilys.pdf>
File: images/ebusiness.pdf Graphic file (type pdf)
 <use images/ebusiness.pdf>

Package Fancyhdr Warning: \headheight is too small (12.0pt): 
 Make it at least 14.49998pt.
 We now make it that large for the rest of the document.
 This may cause the page layout to be inconsistent, however.


Package xcolor Warning: Incompatible color definition on input line 329.

File: images/volutebas.pdf Graphic file (type pdf)
<use images/volutebas.pdf> [29]
File: images/header.pdf Graphic file (type pdf)
 <use images/header.pdf>
File: images/excilys.pdf Graphic file (type pdf)

<use images/excilys.pdf>
File: images/ebusiness.pdf Graphic file (type pdf)
 <use images/ebusiness.pdf>

Package Fancyhdr Warning: \headheight is too small (12.0pt): 
 Make it at least 14.49998pt.
 We now make it that large for the rest of the document.
 This may cause the page layout to be inconsistent, however.


Package xcolor Warning: Incompatible color definition on input line 357.

File: images/volutebasVerso.pdf Graphic file (type pdf)
<use images/volutebasVerso.pdf> [30 <./images/diagramme_modules.pdf>]
<images/mfb-print-screen.pdf, id=523, 1912.90662pt x 942.40381pt>
File: images/mfb-print-screen.pdf Graphic file (type pdf)

<use images/mfb-print-screen.pdf>
Overfull \hbox (12.83313pt too wide) in paragraph at lines 377--379
\T1/ppl/m/n/12 Les mth-odes Ag-iles pr-nant la poly-va-lence des dveloppeurs
 ma con-tri-bu-tion a pris plusieurs
 []


Underfull \hbox (badness 10000) in paragraph at lines 385--386

 []


Underfull \hbox (badness 10000) in paragraph at lines 388--389

 []

File: images/header.pdf Graphic file (type pdf)
<use images/header.pdf>
File: images/excilys.pdf Graphic file (type pdf)
 <use images/excilys.pdf>
File: images/ebusiness.pdf Graphic file (type pdf)
 <use images/ebusiness.pdf>

Package Fancyhdr Warning: \headheight is too small (12.0pt): 
 Make it at least 14.49998pt.
 We now make it that large for the rest of the document.
 This may cause the page layout to be inconsistent, however.


Package xcolor Warning: Incompatible color definition on input line 394.

File: images/volutebas.pdf Graphic file (type pdf)
<use images/volutebas.pdf> [31 <./images/mfb-print-screen.pdf>])
Underfull \hbox (badness 10000) in paragraph at lines 402--15

 []

File: images/header.pdf Graphic file (type pdf)
<use images/header.pdf>
File: images/excilys.pdf Graphic file (type pdf)
 <use images/excilys.pdf>
File: images/ebusiness.pdf Graphic file (type pdf)
 <use images/ebusiness.pdf>

Package Fancyhdr Warning: \headheight is too small (12.0pt): 
 Make it at least 14.49998pt.
 We now make it that large for the rest of the document.
 This may cause the page layout to be inconsistent, however.


Package xcolor Warning: Incompatible color definition on input line 15.

File: images/volutebasVerso.pdf Graphic file (type pdf)
<use images/volutebasVerso.pdf> [32]
\openout2 = `chapitres/4_travail/3_gatling.aux'.

 (./chapitres/4_travail/3_gatling.tex
Overfull \hbox (0.66534pt too wide) in paragraph at lines 3--4
[]\T1/ppl/m/n/12 Aprs le pro-jet d'e-banking, j'ai re-joint, avec deux autres 
sta-giaires, Stphane LAN-DELLE
 []

<images/logo_gatling.pdf, id=543, 275.0275pt x 90.3375pt>
File: images/logo_gatling.pdf Graphic file (type pdf)

<use images/logo_gatling.pdf>
Underfull \hbox (badness 10000) in paragraph at lines 28--29

 []


Underfull \hbox (badness 10000) in paragraph at lines 31--32

 []


Underfull \hbox (badness 10000) in paragraph at lines 39--40

 []


Underfull \hbox (badness 10000) in paragraph at lines 46--48

 []

File: images/header.pdf Graphic file (type pdf)
<use images/header.pdf>
File: images/excilys.pdf Graphic file (type pdf)
 <use images/excilys.pdf>
File: images/ebusiness.pdf Graphic file (type pdf)
 <use images/ebusiness.pdf>

Package Fancyhdr Warning: \headheight is too small (12.0pt): 
 Make it at least 14.49998pt.
 We now make it that large for the rest of the document.
 This may cause the page layout to be inconsistent, however.


Package xcolor Warning: Incompatible color definition on input line 48.

File: images/volutebas.pdf Graphic file (type pdf)
<use images/volutebas.pdf> [33


 <./images/logo_gatling.pdf>]
<images/req_details_basic_usage.pdf, id=559, 924.33833pt x 998.60677pt>
File: images/req_details_basic_usage.pdf Graphic file (type pdf)

<use images/req_details_basic_usage.pdf>
Underfull \hbox (badness 10000) in paragraph at lines 64--65

 []


Underfull \hbox (badness 10000) in paragraph at lines 66--67

 []


Underfull \hbox (badness 10000) in paragraph at lines 68--69

 []


Underfull \hbox (badness 10000) in paragraph at lines 70--71

 []


Underfull \hbox (badness 10000) in paragraph at lines 72--73

 []

File: images/header.pdf Graphic file (type pdf)
<use images/header.pdf>
File: images/excilys.pdf Graphic file (type pdf)
 <use images/excilys.pdf>
File: images/ebusiness.pdf Graphic file (type pdf)
 <use images/ebusiness.pdf>

Package Fancyhdr Warning: \headheight is too small (12.0pt): 
 Make it at least 14.49998pt.
 We now make it that large for the rest of the document.
 This may cause the page layout to be inconsistent, however.


Package xcolor Warning: Incompatible color definition on input line 74.

File: images/volutebasVerso.pdf Graphic file (type pdf)
<use images/volutebasVerso.pdf> [34]
File: images/header.pdf Graphic file (type pdf)
 <use images/header.pdf>
File: images/excilys.pdf Graphic file (type pdf)

<use images/excilys.pdf>
File: images/ebusiness.pdf Graphic file (type pdf)
 <use images/ebusiness.pdf>

Package Fancyhdr Warning: \headheight is too small (12.0pt): 
 Make it at least 14.49998pt.
 We now make it that large for the rest of the document.
 This may cause the page layout to be inconsistent, however.


Package xcolor Warning: Incompatible color definition on input line 74.

File: images/volutebas.pdf Graphic file (type pdf)
<use images/volutebas.pdf> [35 <./images/req_details_basic_usage.pdf>]
Underfull \hbox (badness 10000) in paragraph at lines 78--79

 []

<images/gatling-process.pdf, id=581, 1296.845pt x 951.555pt>
File: images/gatling-process.pdf Graphic file (type pdf)

<use images/gatling-process.pdf>
Underfull \vbox (badness 10000) has occurred while \output is active []

File: images/header.pdf Graphic file (type pdf)

<use images/header.pdf>
File: images/excilys.pdf Graphic file (type pdf)
 <use images/excilys.pdf>
File: images/ebusiness.pdf Graphic file (type pdf)
 <use images/ebusiness.pdf>

Package Fancyhdr Warning: \headheight is too small (12.0pt): 
 Make it at least 14.49998pt.
 We now make it that large for the rest of the document.
 This may cause the page layout to be inconsistent, however.


Package xcolor Warning: Incompatible color definition on input line 90.

File: images/volutebasVerso.pdf Graphic file (type pdf)
<use images/volutebasVerso.pdf> [36]
Underfull \hbox (badness 10000) in paragraph at lines 94--95

 []


Underfull \hbox (badness 10000) in paragraph at lines 96--97

 []


Underfull \hbox (badness 10000) in paragraph at lines 101--102

 []


Underfull \hbox (badness 10000) in paragraph at lines 104--105

 []


Underfull \hbox (badness 10000) in paragraph at lines 108--109

 []


Underfull \vbox (badness 3803) has occurred while \output is active []

File: images/header.pdf Graphic file (type pdf)

<use images/header.pdf>
File: images/excilys.pdf Graphic file (type pdf)
 <use images/excilys.pdf>
File: images/ebusiness.pdf Graphic file (type pdf)
 <use images/ebusiness.pdf>

Package Fancyhdr Warning: \headheight is too small (12.0pt): 
 Make it at least 14.49998pt.
 We now make it that large for the rest of the document.
 This may cause the page layout to be inconsistent, however.


Package xcolor Warning: Incompatible color definition on input line 109.

File: images/volutebas.pdf Graphic file (type pdf)
<use images/volutebas.pdf> [37 <./images/gatling-process.pdf>]
Underfull \hbox (badness 10000) in paragraph at lines 110--111

 []

<images/jvisualvm.pdf, id=603, 883.69148pt x 524.64507pt>
File: images/jvisualvm.pdf Graphic file (type pdf)

<use images/jvisualvm.pdf>
Underfull \hbox (badness 10000) in paragraph at lines 121--122

 []


Underfull \hbox (badness 10000) in paragraph at lines 127--128

 []

File: images/header.pdf Graphic file (type pdf)
<use images/header.pdf>
File: images/excilys.pdf Graphic file (type pdf)
 <use images/excilys.pdf>
File: images/ebusiness.pdf Graphic file (type pdf)
 <use images/ebusiness.pdf>

Package Fancyhdr Warning: \headheight is too small (12.0pt): 
 Make it at least 14.49998pt.
 We now make it that large for the rest of the document.
 This may cause the page layout to be inconsistent, however.


Package xcolor Warning: Incompatible color definition on input line 128.

File: images/volutebasVerso.pdf Graphic file (type pdf)
<use images/volutebasVerso.pdf> [38 <./images/jvisualvm.pdf>]
Underfull \hbox (badness 10000) in paragraph at lines 129--130

 []


Underfull \hbox (badness 10000) in paragraph at lines 131--132

 []


Overfull \hbox (16.20876pt too wide) in paragraph at lines 133--134
\T1/ppl/m/n/12 rcuprer. Ces son-des peu-vent bien videm-ment tirer par-tie d
e JMX pour ex-poser les mtriques. 
 []


Underfull \hbox (badness 10000) in paragraph at lines 137--138

 []


Underfull \hbox (badness 10000) in paragraph at lines 139--140

 []


Underfull \hbox (badness 10000) in paragraph at lines 141--142

 []


Underfull \hbox (badness 10000) in paragraph at lines 147--148

 []

File: images/header.pdf Graphic file (type pdf)
<use images/header.pdf>
File: images/excilys.pdf Graphic file (type pdf)
 <use images/excilys.pdf>
File: images/ebusiness.pdf Graphic file (type pdf)
 <use images/ebusiness.pdf>

Package Fancyhdr Warning: \headheight is too small (12.0pt): 
 Make it at least 14.49998pt.
 We now make it that large for the rest of the document.
 This may cause the page layout to be inconsistent, however.


Package xcolor Warning: Incompatible color definition on input line 154.

File: images/volutebas.pdf Graphic file (type pdf)
<use images/volutebas.pdf> [39]
Underfull \hbox (badness 10000) in paragraph at lines 154--155

 []


Underfull \hbox (badness 10000) in paragraph at lines 157--158

 []


Underfull \hbox (badness 10000) in paragraph at lines 159--160

 []


Underfull \hbox (badness 10000) in paragraph at lines 161--162

 []


Underfull \hbox (badness 10000) in paragraph at lines 167--168

 []


Underfull \hbox (badness 10000) in paragraph at lines 172--173

 []


Underfull \hbox (badness 10000) in paragraph at lines 179--180

 []


Underfull \hbox (badness 10000) in paragraph at lines 185--186

 []

File: images/header.pdf Graphic file (type pdf)
<use images/header.pdf>
File: images/excilys.pdf Graphic file (type pdf)
 <use images/excilys.pdf>
File: images/ebusiness.pdf Graphic file (type pdf)
 <use images/ebusiness.pdf>

Package Fancyhdr Warning: \headheight is too small (12.0pt): 
 Make it at least 14.49998pt.
 We now make it that large for the rest of the document.
 This may cause the page layout to be inconsistent, however.


Package xcolor Warning: Incompatible color definition on input line 186.

File: images/volutebasVerso.pdf Graphic file (type pdf)
<use images/volutebasVerso.pdf> [40]
Underfull \hbox (badness 10000) in paragraph at lines 191--192

 []


Underfull \hbox (badness 10000) in paragraph at lines 197--198

 []


Underfull \hbox (badness 10000) in paragraph at lines 200--201

 []


Underfull \hbox (badness 10000) in paragraph at lines 206--207

 []


Underfull \hbox (badness 10000) in paragraph at lines 220--221

 []


Underfull \hbox (badness 10000) in paragraph at lines 222--223

 []

File: images/header.pdf Graphic file (type pdf)
<use images/header.pdf>
File: images/excilys.pdf Graphic file (type pdf)
 <use images/excilys.pdf>
File: images/ebusiness.pdf Graphic file (type pdf)
 <use images/ebusiness.pdf>

Package Fancyhdr Warning: \headheight is too small (12.0pt): 
 Make it at least 14.49998pt.
 We now make it that large for the rest of the document.
 This may cause the page layout to be inconsistent, however.


Package xcolor Warning: Incompatible color definition on input line 223.

File: images/volutebas.pdf Graphic file (type pdf)
<use images/volutebas.pdf> [41]
Underfull \hbox (badness 10000) in paragraph at lines 228--229

 []


Underfull \hbox (badness 10000) in paragraph at lines 230--231

 []


Underfull \hbox (badness 10000) in paragraph at lines 236--237

 []


Underfull \hbox (badness 10000) in paragraph at lines 238--239

 []


Underfull \hbox (badness 10000) in paragraph at lines 240--241

 []

<images/cascading.pdf, id=642, 583.17876pt x 705.63625pt>
File: images/cascading.pdf Graphic file (type pdf)

<use images/cascading.pdf>
File: images/header.pdf Graphic file (type pdf)
 <use images/header.pdf>
File: images/excilys.pdf Graphic file (type pdf)
 <use images/excilys.pdf>
File: images/ebusiness.pdf Graphic file (type pdf)

<use images/ebusiness.pdf>

Package Fancyhdr Warning: \headheight is too small (12.0pt): 
 Make it at least 14.49998pt.
 We now make it that large for the rest of the document.
 This may cause the page layout to be inconsistent, however.


Package xcolor Warning: Incompatible color definition on input line 247.

File: images/volutebasVerso.pdf Graphic file (type pdf)
<use images/volutebasVerso.pdf> [42]
<images/cascading_real.pdf, id=651, 521.95pt x 785.93625pt>
File: images/cascading_real.pdf Graphic file (type pdf)

<use images/cascading_real.pdf>
Underfull \vbox (badness 10000) has occurred while \output is active []

File: images/header.pdf Graphic file (type pdf)

<use images/header.pdf>
File: images/excilys.pdf Graphic file (type pdf)
 <use images/excilys.pdf>
File: images/ebusiness.pdf Graphic file (type pdf)
 <use images/ebusiness.pdf>

Package Fancyhdr Warning: \headheight is too small (12.0pt): 
 Make it at least 14.49998pt.
 We now make it that large for the rest of the document.
 This may cause the page layout to be inconsistent, however.


Package xcolor Warning: Incompatible color definition on input line 254.

File: images/volutebas.pdf Graphic file (type pdf)
<use images/volutebas.pdf> [43 <./images/cascading.pdf>]
Underfull \hbox (badness 10000) in paragraph at lines 255--256

 []


Underfull \hbox (badness 10000) in paragraph at lines 257--258

 []


Underfull \hbox (badness 10000) in paragraph at lines 259--260

 []

File: images/header.pdf Graphic file (type pdf)
<use images/header.pdf>
File: images/excilys.pdf Graphic file (type pdf)
 <use images/excilys.pdf>
File: images/ebusiness.pdf Graphic file (type pdf)
 <use images/ebusiness.pdf>

Package Fancyhdr Warning: \headheight is too small (12.0pt): 
 Make it at least 14.49998pt.
 We now make it that large for the rest of the document.
 This may cause the page layout to be inconsistent, however.


Package xcolor Warning: Incompatible color definition on input line 260.

File: images/volutebasVerso.pdf Graphic file (type pdf)
<use images/volutebasVerso.pdf> [44 <./images/cascading_real.pdf>]
Overfull \hbox (3.41241pt too wide) in paragraph at lines 266--267
[]\T1/ppl/m/n/12 Lecture com-plte du fichier pour dter-miner des valeurs gn
rales nces-saires au traite-
 []


Underfull \hbox (badness 10000) in paragraph at lines 268--269

 []


Underfull \hbox (badness 10000) in paragraph at lines 271--272

 []


Underfull \hbox (badness 10000) in paragraph at lines 277--278

 []

File: images/header.pdf Graphic file (type pdf)
<use images/header.pdf>
File: images/excilys.pdf Graphic file (type pdf)
 <use images/excilys.pdf>
File: images/ebusiness.pdf Graphic file (type pdf)
 <use images/ebusiness.pdf>

Package Fancyhdr Warning: \headheight is too small (12.0pt): 
 Make it at least 14.49998pt.
 We now make it that large for the rest of the document.
 This may cause the page layout to be inconsistent, however.


Package xcolor Warning: Incompatible color definition on input line 280.

File: images/volutebas.pdf Graphic file (type pdf)
<use images/volutebas.pdf> [45])
File: images/header.pdf Graphic file (type pdf)
 <use images/header.pdf>
File: images/excilys.pdf Graphic file (type pdf)

<use images/excilys.pdf>
File: images/ebusiness.pdf Graphic file (type pdf)
 <use images/ebusiness.pdf>

Package Fancyhdr Warning: \headheight is too small (12.0pt): 
 Make it at least 14.49998pt.
 We now make it that large for the rest of the document.
 This may cause the page layout to be inconsistent, however.


Package xcolor Warning: Incompatible color definition on input line 17.

File: images/volutebasVerso.pdf Graphic file (type pdf)
<use images/volutebasVerso.pdf> [46]) (./chapitres/5_conclusion.tex
Underfull \hbox (badness 10000) in paragraph at lines 4--5

 []


Underfull \hbox (badness 10000) in paragraph at lines 6--7

 []


Underfull \hbox (badness 10000) in paragraph at lines 9--10

 []

) (./chapitres/6_bibliographie.tex
File: images/header.pdf Graphic file (type pdf)
 <use images/header.pdf>
File: images/excilys.pdf Graphic file (type pdf)

<use images/excilys.pdf>
File: images/ebusiness.pdf Graphic file (type pdf)
 <use images/ebusiness.pdf>

Package Fancyhdr Warning: \headheight is too small (12.0pt): 
 Make it at least 14.49998pt.
 We now make it that large for the rest of the document.
 This may cause the page layout to be inconsistent, however.


Package xcolor Warning: Incompatible color definition on input line 1.

File: images/volutebas.pdf Graphic file (type pdf)
<use images/volutebas.pdf> [47


]
Underfull \hbox (badness 10000) in paragraph at lines 8--9
[]\T1/ppl/m/n/12 Principe du build in-cass-able : [][]$\T1/cmtt/m/n/12 http : /
 / blog . octo . com /
 []

) (./chapitres/7_annexes.tex
File: images/header.pdf Graphic file (type pdf)
 <use images/header.pdf>
File: images/excilys.pdf Graphic file (type pdf)
 <use images/excilys.pdf>
File: images/ebusiness.pdf Graphic file (type pdf)

<use images/ebusiness.pdf>

Package Fancyhdr Warning: \headheight is too small (12.0pt): 
 Make it at least 14.49998pt.
 We now make it that large for the rest of the document.
 This may cause the page layout to be inconsistent, however.


Package xcolor Warning: Incompatible color definition on input line 3.

File: images/volutebasVerso.pdf Graphic file (type pdf)
<use images/volutebasVerso.pdf> [48

]
Annexe A.
File: images/header.pdf Graphic file (type pdf)
<use images/header.pdf>
File: images/excilys.pdf Graphic file (type pdf)
 <use images/excilys.pdf>
File: images/ebusiness.pdf Graphic file (type pdf)
 <use images/ebusiness.pdf>

Package Fancyhdr Warning: \headheight is too small (12.0pt): 
 Make it at least 14.49998pt.
 We now make it that large for the rest of the document.
 This may cause the page layout to be inconsistent, however.


Package xcolor Warning: Incompatible color definition on input line 5.

File: images/volutebas.pdf Graphic file (type pdf)
<use images/volutebas.pdf> [49

]
<annexes/charte_excilys.pdf, id=721, page=1, 597.23125pt x 845.0471pt>
File: annexes/charte_excilys.pdf Graphic file (type pdf)

<use annexes/charte_excilys.pdf, page 1>
File: annexes/charte_excilys.pdf Graphic file (type pdf)

<use annexes/charte_excilys.pdf, page 1>
File: annexes/charte_excilys.pdf Graphic file (type pdf)

<use annexes/charte_excilys.pdf, page 1>
File: annexes/charte_excilys.pdf Graphic file (type pdf)

<use annexes/charte_excilys.pdf, page 1>
File: annexes/charte_excilys.pdf Graphic file (type pdf)

<use annexes/charte_excilys.pdf, page 1> [50 <./annexes/charte_excilys.pdf>]
Annexe B.
<images/global.pdf, id=945, 302.0906pt x 308.11311pt>
File: images/global.pdf Graphic file (type pdf)
 <use images/global.pdf>
<images/indicators.pdf, id=946, 634.29073pt x 309.11687pt>
File: images/indicators.pdf Graphic file (type pdf)

<use images/indicators.pdf>
<images/active-sessions.pdf, id=947, 905.2691pt x 357.29083pt>
File: images/active-sessions.pdf Graphic file (type pdf)

<use images/active-sessions.pdf>

LaTeX Warning: `!h' float specifier changed to `!ht'.

<images/response-time.pdf, id=948, 906.27286pt x 358.29356pt>
File: images/response-time.pdf Graphic file (type pdf)

<use images/response-time.pdf>

LaTeX Warning: `!h' float specifier changed to `!ht'.

<images/requests.pdf, id=949, 905.2691pt x 356.28708pt>
File: images/requests.pdf Graphic file (type pdf)

<use images/requests.pdf>

LaTeX Warning: `!h' float specifier changed to `!ht'.

<images/transactions.pdf, id=950, 906.27286pt x 357.29083pt>
File: images/transactions.pdf Graphic file (type pdf)

<use images/transactions.pdf>

LaTeX Warning: `!h' float specifier changed to `!ht'.

File: images/header.pdf Graphic file (type pdf)
<use images/header.pdf>
File: images/excilys.pdf Graphic file (type pdf)
 <use images/excilys.pdf>
File: images/ebusiness.pdf Graphic file (type pdf)
 <use images/ebusiness.pdf>

Package Fancyhdr Warning: \headheight is too small (12.0pt): 
 Make it at least 14.49998pt.
 We now make it that large for the rest of the document.
 This may cause the page layout to be inconsistent, however.


Package xcolor Warning: Incompatible color definition on input line 45.

File: images/volutebas.pdf Graphic file (type pdf)
<use images/volutebas.pdf> [51

 <./images/global.pdf> <./images/indicators.pdf>]
File: images/header.pdf Graphic file (type pdf)
<use images/header.pdf>
File: images/excilys.pdf Graphic file (type pdf)
 <use images/excilys.pdf>
File: images/ebusiness.pdf Graphic file (type pdf)
 <use images/ebusiness.pdf>

Package Fancyhdr Warning: \headheight is too small (12.0pt): 
 Make it at least 14.49998pt.
 We now make it that large for the rest of the document.
 This may cause the page layout to be inconsistent, however.


Package xcolor Warning: Incompatible color definition on input line 45.

File: images/volutebasVerso.pdf Graphic file (type pdf)
<use images/volutebasVerso.pdf> [52 <./images/active-sessions.pdf> <./images/re
sponse-time.pdf>]
File: images/header.pdf Graphic file (type pdf)
 <use images/header.pdf>
File: images/excilys.pdf Graphic file (type pdf)
 <use images/excilys.pdf>
File: images/ebusiness.pdf Graphic file (type pdf)

<use images/ebusiness.pdf>

Package Fancyhdr Warning: \headheight is too small (12.0pt): 
 Make it at least 14.49998pt.
 We now make it that large for the rest of the document.
 This may cause the page layout to be inconsistent, however.


Package xcolor Warning: Incompatible color definition on input line 45.

File: images/volutebas.pdf Graphic file (type pdf)
<use images/volutebas.pdf> [53 <./images/requests.pdf> <./images/transactions.p
df>]
Annexe C.
<images/benchmark-monitoring.pdf, id=993, 704.6325pt x 797.98125pt>
File: images/benchmark-monitoring.pdf Graphic file (type pdf)

<use images/benchmark-monitoring.pdf>)
File: images/header.pdf Graphic file (type pdf)
 <use images/header.pdf>
File: images/excilys.pdf Graphic file (type pdf)

<use images/excilys.pdf>
File: images/ebusiness.pdf Graphic file (type pdf)
 <use images/ebusiness.pdf>

Package Fancyhdr Warning: \headheight is too small (12.0pt): 
 Make it at least 14.49998pt.
 We now make it that large for the rest of the document.
 This may cause the page layout to be inconsistent, however.


Package xcolor Warning: Incompatible color definition on input line 139.

File: images/volutebasVerso.pdf Graphic file (type pdf)
<use images/volutebasVerso.pdf> [54

 <./images/benchmark-monitoring.pdf>]
(./rapport.aux (./chapitres/4_travail/1_formation.aux)
(./chapitres/4_travail/2_ebanking.aux) (./chapitres/4_travail/3_gatling.aux)) )
 
Here is how much of TeX's memory you used:
 17994 strings out of 495061
 282622 string characters out of 1182621
 364193 words of memory out of 3000000
 20509 multiletter control sequences out of 15000+50000
 30933 words of font info for 60 fonts, out of 3000000 for 9000
 28 hyphenation exceptions out of 8191
 54i,18n,75p,947b,567s stack positions out of 5000i,500n,10000p,200000b,50000s
 </home/excilys/.texmf-var/fonts/pk/ljfour/jknappen/ec/ectt1200.600pk>{/usr/sha
re/texmf-texlive/fonts/enc/dvips/base/8r.enc}</usr/share/texmf-texlive/fonts/ty
pe1/public/amsfonts/cm/cmmi12.pfb></usr/share/texmf-texlive/fonts/type1/public/
eurosym/feymr10.pfb></usr/share/texmf-texlive/fonts/type1/urw/palatino/uplb8a.p
fb></usr/share/texmf-texlive/fonts/type1/urw/palatino/uplr8a.pfb></usr/share/te
xmf-texlive/fonts/type1/urw/palatino/uplri8a.pfb>
Output written on rapport.pdf (55 pages, 3662944 bytes).
PDF statistics:
 1121 PDF objects out of 1200 (max. 8388607)
 209 named destinations out of 1000 (max. 500000)
 506 words of extra memory for PDF output out of 10000 (max. 10000000)

